#
# A fatal error has been detected by the Java Runtime Environment:
#
#  EXCEPTION_ACCESS_VIOLATION (0xc0000005) at pc=0x00007ff9e48727bb, pid=29916, tid=23764
#
# JRE version: Java(TM) SE Runtime Environment (11.0.2+9) (build 11.0.2+9-LTS)
# Java VM: Java HotSpot(TM) 64-Bit Server VM (11.0.2+9-LTS, mixed mode, tiered, compressed oops, g1 gc, windows-amd64)
# Problematic frame:
# V  [jvm.dll+0x5027bb]
#
# No core dump will be written. Minidumps are not enabled by default on client versions of Windows
#
# If you would like to submit a bug report, please visit:
#   http://bugreport.java.com/bugreport/crash.jsp
#

---------------  S U M M A R Y ------------

Command Line: -agentlib:jdwp=transport=dt_socket,address=127.0.0.1:49789,suspend=y,server=n -ea -Didea.test.cyclic.buffer.size=1048576 -javaagent:C:\Users\zailyaev\.IdeaIC2019.1\system\groovyHotSwap\gragent.jar -javaagent:C:\Users\zailyaev\.IdeaIC2019.1\system\captureAgent\debugger-agent.jar -Dfile.encoding=UTF-8 com.intellij.rt.execution.junit.JUnitStarter -ideVersion5 -junit4 TestGeozonesSort,test

Host: Intel(R) Core(TM) i7-3770 CPU @ 3.40GHz, 8 cores, 23G,  Windows 10 , 64 bit Build 17134 (10.0.17134.648)
Time: Tue Apr 30 20:38:47 2019 RTZ 2 (ceia) elapsed time: 35360 seconds (0d 9h 49m 20s)

---------------  T H R E A D  ---------------

Current thread (0x00000229a634b000):  VMThread "VM Thread" [stack: 0x000000d78c800000,0x000000d78c900000] [id=23764]

Stack: [0x000000d78c800000,0x000000d78c900000],  sp=0x000000d78c8ff830,  free space=1022k
Native frames: (J=compiled Java code, j=interpreted, Vv=VM code, C=native code)
V  [jvm.dll+0x5027bb]
V  [jvm.dll+0x502257]
V  [jvm.dll+0x77b2cc]
V  [jvm.dll+0x779787]
V  [jvm.dll+0x779fb0]
V  [jvm.dll+0x77a2bf]
V  [jvm.dll+0x6347f2]
C  [ucrtbase.dll+0x1e3fe]
C  [KERNEL32.DLL+0x13dc4]
C  [ntdll.dll+0x73691]


siginfo: EXCEPTION_ACCESS_VIOLATION (0xc0000005), reading address 0x00000000006a0418


Register to memory mapping:

RIP=0x00007ff9e48727bb jvm.dll
RAX=0x0000000000000004 is an unknown value
RBX=0x00000229a6fe2758 points into unknown readable memory: b0 0f c6 fb 29 02 00 00
RCX=0x000000000000006f is an unknown value
RDX=0x00000229a6bcca70 is pointing into metadata
RSP=0x000000d78c8ff830 points into unknown readable memory: d0 f7 1f 8d d7 00 00 00
RBP=0x0000000000000008 is an unknown value
RSI=0x00000229a6fb5760 points into unknown readable memory: 06 00 00 00 28 00 00 00
RDI={method} {0x00000229a6bcd440} 
[error occurred during error reporting (printing register info), id 0xc0000005, EXCEPTION_ACCESS_VIOLATION (0xc0000005) at pc=0x00007ff9e495b5e3]

Registers:
RAX=0x0000000000000004, RBX=0x00000229a6fe2758, RCX=0x000000000000006f, RDX=0x00000229a6bcca70
RSP=0x000000d78c8ff830, RBP=0x0000000000000008, RSI=0x00000229a6fb5760, RDI=0x00000229a6bcd438
R8 =0x00000229a6bccfd8, R9 =0x00000000006a0060, R10=0x00000229a625d240, R11=0x00000229a624d448
R12=0x00007ff9e4bab258, R13=0x0000000800245350, R14=0x000000d78d1ff7d0, R15=0x00000000000003d8
RIP=0x00007ff9e48727bb, EFLAGS=0x0000000000010202

Top of Stack: (sp=0x000000d78c8ff830)
0x000000d78c8ff830:   000000d78d1ff7d0 00000229a6fb5790
0x000000d78c8ff840:   00000229a6fb5760 0000000000000000
0x000000d78c8ff850:   00000229a625d240 00000229a624d448
0x000000d78c8ff860:   00000229a6fe2758 00007ff9e4c40790
0x000000d78c8ff870:   00007ff9e4d7cce8 00000000000003d8
0x000000d78c8ff880:   000000d78d1ff7d0 00007ff9e4bab258
0x000000d78c8ff890:   0000000000000028 00000229a6fb5760
0x000000d78c8ff8a0:   00000229a6fb5790 00007ff9e4dffb30
0x000000d78c8ff8b0:   0000000000000005 00007ff9e4872257
0x000000d78c8ff8c0:   000000d78d1ff7d0 000000d78c8ff8e0
0x000000d78c8ff8d0:   00000229ffeffc18 00000000000003d8
0x000000d78c8ff8e0:   00007ff9e495ba30 0000022900000000
0x000000d78c8ff8f0:   00000229ffeffc18 00000229ffeff830
0x000000d78c8ff900:   000000d78d1ff760 00007ff9e4aeb2cc
0x000000d78c8ff910:   00000229a70bd880 00000229a6346920
0x000000d78c8ff920:   00000229ffeff840 00007ff9e4c1ac90 

Instructions: (pc=0x00007ff9e48727bb)
0x00007ff9e487279b:   c1 0f 1f 40 00 49 8b 38 0f b6 4f 2a c0 e9 05 f6
0x00007ff9e48727ab:   c1 01 74 24 48 8b 57 08 4c 8b 4a 08 0f b7 4a 2a
0x00007ff9e48727bb:   49 8b 74 c9 40 49 3b f2 75 0e 0f b7 4a 2c 49 8b
0x00007ff9e48727cb:   54 c9 40 49 3b d3 74 0f 49 83 e8 08 48 83 e8 01 


Stack slot to memory mapping:
stack at sp + 0 slots: 0x000000d78d1ff7d0 is pointing into the stack for thread: 0x00000229a6fb2000
stack at sp + 1 slots: 0x00000229a6fb5790 points into unknown readable memory: 90 57 fb a6 29 02 00 00
stack at sp + 2 slots: 0x00000229a6fb5760 points into unknown readable memory: 06 00 00 00 28 00 00 00
stack at sp + 3 slots: 0x0 is NULL
stack at sp + 4 slots: 0x00000229a625d240 points into unknown readable memory: 04 00 ff ff 5e 67 74 65
stack at sp + 5 slots: 0x00000229a624d448 points into unknown readable memory: 03 00 ff ff d1 1f 28 29
stack at sp + 6 slots: 0x00000229a6fe2758 points into unknown readable memory: b0 0f c6 fb 29 02 00 00
stack at sp + 7 slots: 0x00007ff9e4c40790 jvm.dll

VM_Operation (0x000000d78d1ff760): ChangeBreakpoints, mode: safepoint, requested by thread 0x00000229a6fb2000


---------------  P R O C E S S  ---------------

Threads class SMR info:
_java_thread_list=0x00000229a7b721e0, length=18, elements={
0x00000229fbc4e800, 0x00000229a6370800, 0x00000229a637c000, 0x00000229a63ca000,
0x00000229a63cb000, 0x00000229a63cd000, 0x00000229a63de800, 0x00000229a63e4800,
0x00000229fff02800, 0x00000229a6fb2000, 0x00000229a6f86800, 0x00000229a6f87000,
0x00000229a71aa000, 0x00000229a7b92800, 0x00000229a715f000, 0x00000229a7b5b000,
0x00000229a7b09800, 0x00000229a7cc1000
}

Java Threads: ( => current thread )
  0x00000229fbc4e800 JavaThread "main" [_thread_blocked, id=13216, stack(0x000000d78c200000,0x000000d78c300000)]
  0x00000229a6370800 JavaThread "Reference Handler" daemon [_thread_blocked, id=28132, stack(0x000000d78c900000,0x000000d78ca00000)]
  0x00000229a637c000 JavaThread "Finalizer" daemon [_thread_blocked, id=17120, stack(0x000000d78ca00000,0x000000d78cb00000)]
  0x00000229a63ca000 JavaThread "Signal Dispatcher" daemon [_thread_blocked, id=29896, stack(0x000000d78cb00000,0x000000d78cc00000)]
  0x00000229a63cb000 JavaThread "Attach Listener" daemon [_thread_blocked, id=27460, stack(0x000000d78cc00000,0x000000d78cd00000)]
  0x00000229a63cd000 JavaThread "C2 CompilerThread0" daemon [_thread_blocked, id=26620, stack(0x000000d78cd00000,0x000000d78ce00000)]
  0x00000229a63de800 JavaThread "C1 CompilerThread0" daemon [_thread_blocked, id=29232, stack(0x000000d78ce00000,0x000000d78cf00000)]
  0x00000229a63e4800 JavaThread "Sweeper thread" daemon [_thread_blocked, id=27800, stack(0x000000d78cf00000,0x000000d78d000000)]
  0x00000229fff02800 JavaThread "Common-Cleaner" daemon [_thread_blocked, id=23892, stack(0x000000d78d000000,0x000000d78d100000)]
  0x00000229a6fb2000 JavaThread "JDWP Transport Listener: dt_socket" daemon [_thread_blocked, id=25492, stack(0x000000d78d100000,0x000000d78d200000)]
  0x00000229a6f86800 JavaThread "JDWP Event Helper Thread" daemon [_thread_blocked, id=3704, stack(0x000000d78d200000,0x000000d78d300000)]
  0x00000229a6f87000 JavaThread "JDWP Command Reader" daemon [_thread_in_native, id=4928, stack(0x000000d78d300000,0x000000d78d400000)]
  0x00000229a71aa000 JavaThread "Service Thread" daemon [_thread_blocked, id=26760, stack(0x000000d78d500000,0x000000d78d600000)]
  0x00000229a7b92800 JavaThread "Exec Default Executor" daemon [_thread_in_native, id=27848, stack(0x000000d78de00000,0x000000d78df00000)]
  0x00000229a715f000 JavaThread "Exec Stream Pumper" daemon [_thread_in_native, id=20752, stack(0x000000d78d400000,0x000000d78d500000)]
  0x00000229a7b5b000 JavaThread "Exec Stream Pumper" daemon [_thread_in_native, id=24752, stack(0x000000d78e100000,0x000000d78e200000)]
  0x00000229a7b09800 JavaThread "OkHttp ConnectionPool" daemon [_thread_blocked, id=25108, stack(0x000000d78e300000,0x000000d78e400000)]
  0x00000229a7cc1000 JavaThread "Okio Watchdog" daemon [_thread_blocked, id=4676, stack(0x000000d78e400000,0x000000d78e500000)]

Other Threads:
=>0x00000229a634b000 VMThread "VM Thread" [stack: 0x000000d78c800000,0x000000d78c900000] [id=23764]
  0x00000229a71ac000 WatcherThread [stack: 0x000000d78d600000,0x000000d78d700000] [id=16224]
  0x00000229fbc66800 GCTaskThread "GC Thread#0" [stack: 0x000000d78c300000,0x000000d78c400000] [id=27496]
  0x00000229a79d7000 GCTaskThread "GC Thread#1" [stack: 0x000000d78d700000,0x000000d78d800000] [id=19056]
  0x00000229a79d8000 GCTaskThread "GC Thread#2" [stack: 0x000000d78d800000,0x000000d78d900000] [id=24772]
  0x00000229a732d000 GCTaskThread "GC Thread#3" [stack: 0x000000d78d900000,0x000000d78da00000] [id=26632]
  0x00000229a732d800 GCTaskThread "GC Thread#4" [stack: 0x000000d78da00000,0x000000d78db00000] [id=26012]
  0x00000229a732e800 GCTaskThread "GC Thread#5" [stack: 0x000000d78db00000,0x000000d78dc00000] [id=18008]
  0x00000229a732f000 GCTaskThread "GC Thread#6" [stack: 0x000000d78dc00000,0x000000d78dd00000] [id=23036]
  0x00000229a732f800 GCTaskThread "GC Thread#7" [stack: 0x000000d78dd00000,0x000000d78de00000] [id=27580]
  0x00000229fbcee800 ConcurrentGCThread "G1 Main Marker" [stack: 0x000000d78c400000,0x000000d78c500000] [id=29748]
  0x00000229fbcf0000 ConcurrentGCThread "G1 Conc#0" [stack: 0x000000d78c500000,0x000000d78c600000] [id=18644]
  0x00000229ffebc800 ConcurrentGCThread "G1 Refine#0" [stack: 0x000000d78c600000,0x000000d78c700000] [id=20812]
  0x00000229ffebe800 ConcurrentGCThread "G1 Young RemSet Sampling" [stack: 0x000000d78c700000,0x000000d78c800000] [id=14588]

Threads with active compile tasks:

VM state:at safepoint (normal execution)

VM Mutex/Monitor currently owned by a thread:  ([mutex/lock_event])
[0x00000229fbc4d0f0] Threads_lock - owner thread: 0x00000229a634b000

Heap address: 0x0000000681400000, size: 6124 MB, Compressed Oops mode: Zero based, Oop shift amount: 3
Narrow klass base: 0x0000000800000000, Narrow klass shift: 0
Compressed class space size: 1073741824 Address: 0x0000000800000000

Heap:
 garbage-first heap   total 393216K, used 34404K [0x0000000681400000, 0x0000000800000000)
  region size 1024K, 34 young (34816K), 3 survivors (3072K)
 Metaspace       used 19858K, capacity 20424K, committed 20608K, reserved 1067008K
  class space    used 2124K, capacity 2317K, committed 2432K, reserved 1048576K
Heap Regions: E=young(eden), S=young(survivor), O=old, HS=humongous(starts), HC=humongous(continues), CS=collection set, F=free, A=archive, TAMS=top-at-mark-start (previous, next)
|   0|0x0000000681400000, 0x0000000681499200, 0x0000000681500000| 59%| O|  |TAMS 0x0000000681400000, 0x0000000681400000| Untracked 
|   1|0x0000000681500000, 0x0000000681500000, 0x0000000681600000|  0%| F|  |TAMS 0x0000000681500000, 0x0000000681500000| Untracked 
|   2|0x0000000681600000, 0x0000000681600000, 0x0000000681700000|  0%| F|  |TAMS 0x0000000681600000, 0x0000000681600000| Untracked 
|   3|0x0000000681700000, 0x0000000681700000, 0x0000000681800000|  0%| F|  |TAMS 0x0000000681700000, 0x0000000681700000| Untracked 
|   4|0x0000000681800000, 0x0000000681800000, 0x0000000681900000|  0%| F|  |TAMS 0x0000000681800000, 0x0000000681800000| Untracked 
|   5|0x0000000681900000, 0x0000000681900000, 0x0000000681a00000|  0%| F|  |TAMS 0x0000000681900000, 0x0000000681900000| Untracked 
|   6|0x0000000681a00000, 0x0000000681a00000, 0x0000000681b00000|  0%| F|  |TAMS 0x0000000681a00000, 0x0000000681a00000| Untracked 
|   7|0x0000000681b00000, 0x0000000681b00000, 0x0000000681c00000|  0%| F|  |TAMS 0x0000000681b00000, 0x0000000681b00000| Untracked 
|   8|0x0000000681c00000, 0x0000000681c00000, 0x0000000681d00000|  0%| F|  |TAMS 0x0000000681c00000, 0x0000000681c00000| Untracked 
|   9|0x0000000681d00000, 0x0000000681d00000, 0x0000000681e00000|  0%| F|  |TAMS 0x0000000681d00000, 0x0000000681d00000| Untracked 
|  10|0x0000000681e00000, 0x0000000681e00000, 0x0000000681f00000|  0%| F|  |TAMS 0x0000000681e00000, 0x0000000681e00000| Untracked 
|  11|0x0000000681f00000, 0x0000000681f00000, 0x0000000682000000|  0%| F|  |TAMS 0x0000000681f00000, 0x0000000681f00000| Untracked 
|  12|0x0000000682000000, 0x0000000682000000, 0x0000000682100000|  0%| F|  |TAMS 0x0000000682000000, 0x0000000682000000| Untracked 
|  13|0x0000000682100000, 0x0000000682100000, 0x0000000682200000|  0%| F|  |TAMS 0x0000000682100000, 0x0000000682100000| Untracked 
|  14|0x0000000682200000, 0x0000000682200000, 0x0000000682300000|  0%| F|  |TAMS 0x0000000682200000, 0x0000000682200000| Untracked 
|  15|0x0000000682300000, 0x0000000682300000, 0x0000000682400000|  0%| F|  |TAMS 0x0000000682300000, 0x0000000682300000| Untracked 
|  16|0x0000000682400000, 0x0000000682400000, 0x0000000682500000|  0%| F|  |TAMS 0x0000000682400000, 0x0000000682400000| Untracked 
|  17|0x0000000682500000, 0x0000000682500000, 0x0000000682600000|  0%| F|  |TAMS 0x0000000682500000, 0x0000000682500000| Untracked 
|  18|0x0000000682600000, 0x0000000682600000, 0x0000000682700000|  0%| F|  |TAMS 0x0000000682600000, 0x0000000682600000| Untracked 
|  19|0x0000000682700000, 0x0000000682700000, 0x0000000682800000|  0%| F|  |TAMS 0x0000000682700000, 0x0000000682700000| Untracked 
|  20|0x0000000682800000, 0x0000000682800000, 0x0000000682900000|  0%| F|  |TAMS 0x0000000682800000, 0x0000000682800000| Untracked 
|  21|0x0000000682900000, 0x0000000682900000, 0x0000000682a00000|  0%| F|  |TAMS 0x0000000682900000, 0x0000000682900000| Untracked 
|  22|0x0000000682a00000, 0x0000000682a00000, 0x0000000682b00000|  0%| F|  |TAMS 0x0000000682a00000, 0x0000000682a00000| Untracked 
|  23|0x0000000682b00000, 0x0000000682b00000, 0x0000000682c00000|  0%| F|  |TAMS 0x0000000682b00000, 0x0000000682b00000| Untracked 
|  24|0x0000000682c00000, 0x0000000682c00000, 0x0000000682d00000|  0%| F|  |TAMS 0x0000000682c00000, 0x0000000682c00000| Untracked 
|  25|0x0000000682d00000, 0x0000000682d00000, 0x0000000682e00000|  0%| F|  |TAMS 0x0000000682d00000, 0x0000000682d00000| Untracked 
|  26|0x0000000682e00000, 0x0000000682e00000, 0x0000000682f00000|  0%| F|  |TAMS 0x0000000682e00000, 0x0000000682e00000| Untracked 
|  27|0x0000000682f00000, 0x0000000682f00000, 0x0000000683000000|  0%| F|  |TAMS 0x0000000682f00000, 0x0000000682f00000| Untracked 
|  28|0x0000000683000000, 0x0000000683000000, 0x0000000683100000|  0%| F|  |TAMS 0x0000000683000000, 0x0000000683000000| Untracked 
|  29|0x0000000683100000, 0x0000000683100000, 0x0000000683200000|  0%| F|  |TAMS 0x0000000683100000, 0x0000000683100000| Untracked 
|  30|0x0000000683200000, 0x0000000683200000, 0x0000000683300000|  0%| F|  |TAMS 0x0000000683200000, 0x0000000683200000| Untracked 
|  31|0x0000000683300000, 0x0000000683300000, 0x0000000683400000|  0%| F|  |TAMS 0x0000000683300000, 0x0000000683300000| Untracked 
|  32|0x0000000683400000, 0x0000000683400000, 0x0000000683500000|  0%| F|  |TAMS 0x0000000683400000, 0x0000000683400000| Untracked 
|  33|0x0000000683500000, 0x0000000683500000, 0x0000000683600000|  0%| F|  |TAMS 0x0000000683500000, 0x0000000683500000| Untracked 
|  34|0x0000000683600000, 0x0000000683600000, 0x0000000683700000|  0%| F|  |TAMS 0x0000000683600000, 0x0000000683600000| Untracked 
|  35|0x0000000683700000, 0x0000000683700000, 0x0000000683800000|  0%| F|  |TAMS 0x0000000683700000, 0x0000000683700000| Untracked 
|  36|0x0000000683800000, 0x0000000683800000, 0x0000000683900000|  0%| F|  |TAMS 0x0000000683800000, 0x0000000683800000| Untracked 
|  37|0x0000000683900000, 0x0000000683900000, 0x0000000683a00000|  0%| F|  |TAMS 0x0000000683900000, 0x0000000683900000| Untracked 
|  38|0x0000000683a00000, 0x0000000683a00000, 0x0000000683b00000|  0%| F|  |TAMS 0x0000000683a00000, 0x0000000683a00000| Untracked 
|  39|0x0000000683b00000, 0x0000000683b00000, 0x0000000683c00000|  0%| F|  |TAMS 0x0000000683b00000, 0x0000000683b00000| Untracked 
|  40|0x0000000683c00000, 0x0000000683c00000, 0x0000000683d00000|  0%| F|  |TAMS 0x0000000683c00000, 0x0000000683c00000| Untracked 
|  41|0x0000000683d00000, 0x0000000683d00000, 0x0000000683e00000|  0%| F|  |TAMS 0x0000000683d00000, 0x0000000683d00000| Untracked 
|  42|0x0000000683e00000, 0x0000000683e00000, 0x0000000683f00000|  0%| F|  |TAMS 0x0000000683e00000, 0x0000000683e00000| Untracked 
|  43|0x0000000683f00000, 0x0000000683f00000, 0x0000000684000000|  0%| F|  |TAMS 0x0000000683f00000, 0x0000000683f00000| Untracked 
|  44|0x0000000684000000, 0x0000000684000000, 0x0000000684100000|  0%| F|  |TAMS 0x0000000684000000, 0x0000000684000000| Untracked 
|  45|0x0000000684100000, 0x0000000684100000, 0x0000000684200000|  0%| F|  |TAMS 0x0000000684100000, 0x0000000684100000| Untracked 
|  46|0x0000000684200000, 0x0000000684200000, 0x0000000684300000|  0%| F|  |TAMS 0x0000000684200000, 0x0000000684200000| Untracked 
|  47|0x0000000684300000, 0x0000000684300000, 0x0000000684400000|  0%| F|  |TAMS 0x0000000684300000, 0x0000000684300000| Untracked 
|  48|0x0000000684400000, 0x0000000684400000, 0x0000000684500000|  0%| F|  |TAMS 0x0000000684400000, 0x0000000684400000| Untracked 
|  49|0x0000000684500000, 0x0000000684500000, 0x0000000684600000|  0%| F|  |TAMS 0x0000000684500000, 0x0000000684500000| Untracked 
|  50|0x0000000684600000, 0x0000000684600000, 0x0000000684700000|  0%| F|  |TAMS 0x0000000684600000, 0x0000000684600000| Untracked 
|  51|0x0000000684700000, 0x0000000684700000, 0x0000000684800000|  0%| F|  |TAMS 0x0000000684700000, 0x0000000684700000| Untracked 
|  52|0x0000000684800000, 0x0000000684800000, 0x0000000684900000|  0%| F|  |TAMS 0x0000000684800000, 0x0000000684800000| Untracked 
|  53|0x0000000684900000, 0x0000000684900000, 0x0000000684a00000|  0%| F|  |TAMS 0x0000000684900000, 0x0000000684900000| Untracked 
|  54|0x0000000684a00000, 0x0000000684a00000, 0x0000000684b00000|  0%| F|  |TAMS 0x0000000684a00000, 0x0000000684a00000| Untracked 
|  55|0x0000000684b00000, 0x0000000684b00000, 0x0000000684c00000|  0%| F|  |TAMS 0x0000000684b00000, 0x0000000684b00000| Untracked 
|  56|0x0000000684c00000, 0x0000000684c00000, 0x0000000684d00000|  0%| F|  |TAMS 0x0000000684c00000, 0x0000000684c00000| Untracked 
|  57|0x0000000684d00000, 0x0000000684d00000, 0x0000000684e00000|  0%| F|  |TAMS 0x0000000684d00000, 0x0000000684d00000| Untracked 
|  58|0x0000000684e00000, 0x0000000684e00000, 0x0000000684f00000|  0%| F|  |TAMS 0x0000000684e00000, 0x0000000684e00000| Untracked 
|  59|0x0000000684f00000, 0x0000000684f00000, 0x0000000685000000|  0%| F|  |TAMS 0x0000000684f00000, 0x0000000684f00000| Untracked 
|  60|0x0000000685000000, 0x0000000685000000, 0x0000000685100000|  0%| F|  |TAMS 0x0000000685000000, 0x0000000685000000| Untracked 
|  61|0x0000000685100000, 0x0000000685100000, 0x0000000685200000|  0%| F|  |TAMS 0x0000000685100000, 0x0000000685100000| Untracked 
|  62|0x0000000685200000, 0x0000000685200000, 0x0000000685300000|  0%| F|  |TAMS 0x0000000685200000, 0x0000000685200000| Untracked 
|  63|0x0000000685300000, 0x0000000685300000, 0x0000000685400000|  0%| F|  |TAMS 0x0000000685300000, 0x0000000685300000| Untracked 
|  64|0x0000000685400000, 0x0000000685400000, 0x0000000685500000|  0%| F|  |TAMS 0x0000000685400000, 0x0000000685400000| Untracked 
|  65|0x0000000685500000, 0x0000000685500000, 0x0000000685600000|  0%| F|  |TAMS 0x0000000685500000, 0x0000000685500000| Untracked 
|  66|0x0000000685600000, 0x0000000685600000, 0x0000000685700000|  0%| F|  |TAMS 0x0000000685600000, 0x0000000685600000| Untracked 
|  67|0x0000000685700000, 0x0000000685700000, 0x0000000685800000|  0%| F|  |TAMS 0x0000000685700000, 0x0000000685700000| Untracked 
|  68|0x0000000685800000, 0x0000000685800000, 0x0000000685900000|  0%| F|  |TAMS 0x0000000685800000, 0x0000000685800000| Untracked 
|  69|0x0000000685900000, 0x0000000685900000, 0x0000000685a00000|  0%| F|  |TAMS 0x0000000685900000, 0x0000000685900000| Untracked 
|  70|0x0000000685a00000, 0x0000000685a00000, 0x0000000685b00000|  0%| F|  |TAMS 0x0000000685a00000, 0x0000000685a00000| Untracked 
|  71|0x0000000685b00000, 0x0000000685b00000, 0x0000000685c00000|  0%| F|  |TAMS 0x0000000685b00000, 0x0000000685b00000| Untracked 
|  72|0x0000000685c00000, 0x0000000685c00000, 0x0000000685d00000|  0%| F|  |TAMS 0x0000000685c00000, 0x0000000685c00000| Untracked 
|  73|0x0000000685d00000, 0x0000000685d00000, 0x0000000685e00000|  0%| F|  |TAMS 0x0000000685d00000, 0x0000000685d00000| Untracked 
|  74|0x0000000685e00000, 0x0000000685e00000, 0x0000000685f00000|  0%| F|  |TAMS 0x0000000685e00000, 0x0000000685e00000| Untracked 
|  75|0x0000000685f00000, 0x0000000685f00000, 0x0000000686000000|  0%| F|  |TAMS 0x0000000685f00000, 0x0000000685f00000| Untracked 
|  76|0x0000000686000000, 0x0000000686000000, 0x0000000686100000|  0%| F|  |TAMS 0x0000000686000000, 0x0000000686000000| Untracked 
|  77|0x0000000686100000, 0x0000000686100000, 0x0000000686200000|  0%| F|  |TAMS 0x0000000686100000, 0x0000000686100000| Untracked 
|  78|0x0000000686200000, 0x0000000686200000, 0x0000000686300000|  0%| F|  |TAMS 0x0000000686200000, 0x0000000686200000| Untracked 
|  79|0x0000000686300000, 0x0000000686300000, 0x0000000686400000|  0%| F|  |TAMS 0x0000000686300000, 0x0000000686300000| Untracked 
|  80|0x0000000686400000, 0x0000000686400000, 0x0000000686500000|  0%| F|  |TAMS 0x0000000686400000, 0x0000000686400000| Untracked 
|  81|0x0000000686500000, 0x0000000686500000, 0x0000000686600000|  0%| F|  |TAMS 0x0000000686500000, 0x0000000686500000| Untracked 
|  82|0x0000000686600000, 0x0000000686600000, 0x0000000686700000|  0%| F|  |TAMS 0x0000000686600000, 0x0000000686600000| Untracked 
|  83|0x0000000686700000, 0x0000000686700000, 0x0000000686800000|  0%| F|  |TAMS 0x0000000686700000, 0x0000000686700000| Untracked 
|  84|0x0000000686800000, 0x0000000686800000, 0x0000000686900000|  0%| F|  |TAMS 0x0000000686800000, 0x0000000686800000| Untracked 
|  85|0x0000000686900000, 0x0000000686900000, 0x0000000686a00000|  0%| F|  |TAMS 0x0000000686900000, 0x0000000686900000| Untracked 
|  86|0x0000000686a00000, 0x0000000686a00000, 0x0000000686b00000|  0%| F|  |TAMS 0x0000000686a00000, 0x0000000686a00000| Untracked 
|  87|0x0000000686b00000, 0x0000000686b00000, 0x0000000686c00000|  0%| F|  |TAMS 0x0000000686b00000, 0x0000000686b00000| Untracked 
|  88|0x0000000686c00000, 0x0000000686c00000, 0x0000000686d00000|  0%| F|  |TAMS 0x0000000686c00000, 0x0000000686c00000| Untracked 
|  89|0x0000000686d00000, 0x0000000686d00000, 0x0000000686e00000|  0%| F|  |TAMS 0x0000000686d00000, 0x0000000686d00000| Untracked 
|  90|0x0000000686e00000, 0x0000000686e00000, 0x0000000686f00000|  0%| F|  |TAMS 0x0000000686e00000, 0x0000000686e00000| Untracked 
|  91|0x0000000686f00000, 0x0000000686f00000, 0x0000000687000000|  0%| F|  |TAMS 0x0000000686f00000, 0x0000000686f00000| Untracked 
|  92|0x0000000687000000, 0x0000000687000000, 0x0000000687100000|  0%| F|  |TAMS 0x0000000687000000, 0x0000000687000000| Untracked 
|  93|0x0000000687100000, 0x0000000687100000, 0x0000000687200000|  0%| F|  |TAMS 0x0000000687100000, 0x0000000687100000| Untracked 
|  94|0x0000000687200000, 0x0000000687200000, 0x0000000687300000|  0%| F|  |TAMS 0x0000000687200000, 0x0000000687200000| Untracked 
|  95|0x0000000687300000, 0x0000000687300000, 0x0000000687400000|  0%| F|  |TAMS 0x0000000687300000, 0x0000000687300000| Untracked 
|  96|0x0000000687400000, 0x0000000687400000, 0x0000000687500000|  0%| F|  |TAMS 0x0000000687400000, 0x0000000687400000| Untracked 
|  97|0x0000000687500000, 0x0000000687500000, 0x0000000687600000|  0%| F|  |TAMS 0x0000000687500000, 0x0000000687500000| Untracked 
|  98|0x0000000687600000, 0x0000000687600000, 0x0000000687700000|  0%| F|  |TAMS 0x0000000687600000, 0x0000000687600000| Untracked 
|  99|0x0000000687700000, 0x0000000687700000, 0x0000000687800000|  0%| F|  |TAMS 0x0000000687700000, 0x0000000687700000| Untracked 
| 100|0x0000000687800000, 0x0000000687800000, 0x0000000687900000|  0%| F|  |TAMS 0x0000000687800000, 0x0000000687800000| Untracked 
| 101|0x0000000687900000, 0x0000000687900000, 0x0000000687a00000|  0%| F|  |TAMS 0x0000000687900000, 0x0000000687900000| Untracked 
| 102|0x0000000687a00000, 0x0000000687a00000, 0x0000000687b00000|  0%| F|  |TAMS 0x0000000687a00000, 0x0000000687a00000| Untracked 
| 103|0x0000000687b00000, 0x0000000687b00000, 0x0000000687c00000|  0%| F|  |TAMS 0x0000000687b00000, 0x0000000687b00000| Untracked 
| 104|0x0000000687c00000, 0x0000000687c00000, 0x0000000687d00000|  0%| F|  |TAMS 0x0000000687c00000, 0x0000000687c00000| Untracked 
| 105|0x0000000687d00000, 0x0000000687d00000, 0x0000000687e00000|  0%| F|  |TAMS 0x0000000687d00000, 0x0000000687d00000| Untracked 
| 106|0x0000000687e00000, 0x0000000687e00000, 0x0000000687f00000|  0%| F|  |TAMS 0x0000000687e00000, 0x0000000687e00000| Untracked 
| 107|0x0000000687f00000, 0x0000000687f00000, 0x0000000688000000|  0%| F|  |TAMS 0x0000000687f00000, 0x0000000687f00000| Untracked 
| 108|0x0000000688000000, 0x0000000688000000, 0x0000000688100000|  0%| F|  |TAMS 0x0000000688000000, 0x0000000688000000| Untracked 
| 109|0x0000000688100000, 0x0000000688100000, 0x0000000688200000|  0%| F|  |TAMS 0x0000000688100000, 0x0000000688100000| Untracked 
| 110|0x0000000688200000, 0x0000000688200000, 0x0000000688300000|  0%| F|  |TAMS 0x0000000688200000, 0x0000000688200000| Untracked 
| 111|0x0000000688300000, 0x0000000688300000, 0x0000000688400000|  0%| F|  |TAMS 0x0000000688300000, 0x0000000688300000| Untracked 
| 112|0x0000000688400000, 0x0000000688400000, 0x0000000688500000|  0%| F|  |TAMS 0x0000000688400000, 0x0000000688400000| Untracked 
| 113|0x0000000688500000, 0x0000000688500000, 0x0000000688600000|  0%| F|  |TAMS 0x0000000688500000, 0x0000000688500000| Untracked 
| 114|0x0000000688600000, 0x0000000688600000, 0x0000000688700000|  0%| F|  |TAMS 0x0000000688600000, 0x0000000688600000| Untracked 
| 115|0x0000000688700000, 0x0000000688700000, 0x0000000688800000|  0%| F|  |TAMS 0x0000000688700000, 0x0000000688700000| Untracked 
| 116|0x0000000688800000, 0x0000000688800000, 0x0000000688900000|  0%| F|  |TAMS 0x0000000688800000, 0x0000000688800000| Untracked 
| 117|0x0000000688900000, 0x0000000688900000, 0x0000000688a00000|  0%| F|  |TAMS 0x0000000688900000, 0x0000000688900000| Untracked 
| 118|0x0000000688a00000, 0x0000000688a00000, 0x0000000688b00000|  0%| F|  |TAMS 0x0000000688a00000, 0x0000000688a00000| Untracked 
| 119|0x0000000688b00000, 0x0000000688b00000, 0x0000000688c00000|  0%| F|  |TAMS 0x0000000688b00000, 0x0000000688b00000| Untracked 
| 120|0x0000000688c00000, 0x0000000688c00000, 0x0000000688d00000|  0%| F|  |TAMS 0x0000000688c00000, 0x0000000688c00000| Untracked 
| 121|0x0000000688d00000, 0x0000000688d00000, 0x0000000688e00000|  0%| F|  |TAMS 0x0000000688d00000, 0x0000000688d00000| Untracked 
| 122|0x0000000688e00000, 0x0000000688e00000, 0x0000000688f00000|  0%| F|  |TAMS 0x0000000688e00000, 0x0000000688e00000| Untracked 
| 123|0x0000000688f00000, 0x0000000688f00000, 0x0000000689000000|  0%| F|  |TAMS 0x0000000688f00000, 0x0000000688f00000| Untracked 
| 124|0x0000000689000000, 0x0000000689000000, 0x0000000689100000|  0%| F|  |TAMS 0x0000000689000000, 0x0000000689000000| Untracked 
| 125|0x0000000689100000, 0x0000000689100000, 0x0000000689200000|  0%| F|  |TAMS 0x0000000689100000, 0x0000000689100000| Untracked 
| 126|0x0000000689200000, 0x0000000689200000, 0x0000000689300000|  0%| F|  |TAMS 0x0000000689200000, 0x0000000689200000| Untracked 
| 127|0x0000000689300000, 0x0000000689300000, 0x0000000689400000|  0%| F|  |TAMS 0x0000000689300000, 0x0000000689300000| Untracked 
| 128|0x0000000689400000, 0x0000000689400000, 0x0000000689500000|  0%| F|  |TAMS 0x0000000689400000, 0x0000000689400000| Untracked 
| 129|0x0000000689500000, 0x0000000689500000, 0x0000000689600000|  0%| F|  |TAMS 0x0000000689500000, 0x0000000689500000| Untracked 
| 130|0x0000000689600000, 0x0000000689600000, 0x0000000689700000|  0%| F|  |TAMS 0x0000000689600000, 0x0000000689600000| Untracked 
| 131|0x0000000689700000, 0x0000000689700000, 0x0000000689800000|  0%| F|  |TAMS 0x0000000689700000, 0x0000000689700000| Untracked 
| 132|0x0000000689800000, 0x0000000689800000, 0x0000000689900000|  0%| F|  |TAMS 0x0000000689800000, 0x0000000689800000| Untracked 
| 133|0x0000000689900000, 0x0000000689900000, 0x0000000689a00000|  0%| F|  |TAMS 0x0000000689900000, 0x0000000689900000| Untracked 
| 134|0x0000000689a00000, 0x0000000689a00000, 0x0000000689b00000|  0%| F|  |TAMS 0x0000000689a00000, 0x0000000689a00000| Untracked 
| 135|0x0000000689b00000, 0x0000000689b00000, 0x0000000689c00000|  0%| F|  |TAMS 0x0000000689b00000, 0x0000000689b00000| Untracked 
| 136|0x0000000689c00000, 0x0000000689c00000, 0x0000000689d00000|  0%| F|  |TAMS 0x0000000689c00000, 0x0000000689c00000| Untracked 
| 137|0x0000000689d00000, 0x0000000689d00000, 0x0000000689e00000|  0%| F|  |TAMS 0x0000000689d00000, 0x0000000689d00000| Untracked 
| 138|0x0000000689e00000, 0x0000000689e00000, 0x0000000689f00000|  0%| F|  |TAMS 0x0000000689e00000, 0x0000000689e00000| Untracked 
| 139|0x0000000689f00000, 0x0000000689f00000, 0x000000068a000000|  0%| F|  |TAMS 0x0000000689f00000, 0x0000000689f00000| Untracked 
| 140|0x000000068a000000, 0x000000068a000000, 0x000000068a100000|  0%| F|  |TAMS 0x000000068a000000, 0x000000068a000000| Untracked 
| 141|0x000000068a100000, 0x000000068a100000, 0x000000068a200000|  0%| F|  |TAMS 0x000000068a100000, 0x000000068a100000| Untracked 
| 142|0x000000068a200000, 0x000000068a200000, 0x000000068a300000|  0%| F|  |TAMS 0x000000068a200000, 0x000000068a200000| Untracked 
| 143|0x000000068a300000, 0x000000068a300000, 0x000000068a400000|  0%| F|  |TAMS 0x000000068a300000, 0x000000068a300000| Untracked 
| 144|0x000000068a400000, 0x000000068a400000, 0x000000068a500000|  0%| F|  |TAMS 0x000000068a400000, 0x000000068a400000| Untracked 
| 145|0x000000068a500000, 0x000000068a500000, 0x000000068a600000|  0%| F|  |TAMS 0x000000068a500000, 0x000000068a500000| Untracked 
| 146|0x000000068a600000, 0x000000068a600000, 0x000000068a700000|  0%| F|  |TAMS 0x000000068a600000, 0x000000068a600000| Untracked 
| 147|0x000000068a700000, 0x000000068a700000, 0x000000068a800000|  0%| F|  |TAMS 0x000000068a700000, 0x000000068a700000| Untracked 
| 148|0x000000068a800000, 0x000000068a800000, 0x000000068a900000|  0%| F|  |TAMS 0x000000068a800000, 0x000000068a800000| Untracked 
| 149|0x000000068a900000, 0x000000068a900000, 0x000000068aa00000|  0%| F|  |TAMS 0x000000068a900000, 0x000000068a900000| Untracked 
| 150|0x000000068aa00000, 0x000000068aa00000, 0x000000068ab00000|  0%| F|  |TAMS 0x000000068aa00000, 0x000000068aa00000| Untracked 
| 151|0x000000068ab00000, 0x000000068ab00000, 0x000000068ac00000|  0%| F|  |TAMS 0x000000068ab00000, 0x000000068ab00000| Untracked 
| 152|0x000000068ac00000, 0x000000068ac00000, 0x000000068ad00000|  0%| F|  |TAMS 0x000000068ac00000, 0x000000068ac00000| Untracked 
| 153|0x000000068ad00000, 0x000000068ad00000, 0x000000068ae00000|  0%| F|  |TAMS 0x000000068ad00000, 0x000000068ad00000| Untracked 
| 154|0x000000068ae00000, 0x000000068ae00000, 0x000000068af00000|  0%| F|  |TAMS 0x000000068ae00000, 0x000000068ae00000| Untracked 
| 155|0x000000068af00000, 0x000000068af00000, 0x000000068b000000|  0%| F|  |TAMS 0x000000068af00000, 0x000000068af00000| Untracked 
| 156|0x000000068b000000, 0x000000068b000000, 0x000000068b100000|  0%| F|  |TAMS 0x000000068b000000, 0x000000068b000000| Untracked 
| 157|0x000000068b100000, 0x000000068b100000, 0x000000068b200000|  0%| F|  |TAMS 0x000000068b100000, 0x000000068b100000| Untracked 
| 158|0x000000068b200000, 0x000000068b200000, 0x000000068b300000|  0%| F|  |TAMS 0x000000068b200000, 0x000000068b200000| Untracked 
| 159|0x000000068b300000, 0x000000068b300000, 0x000000068b400000|  0%| F|  |TAMS 0x000000068b300000, 0x000000068b300000| Untracked 
| 160|0x000000068b400000, 0x000000068b400000, 0x000000068b500000|  0%| F|  |TAMS 0x000000068b400000, 0x000000068b400000| Untracked 
| 161|0x000000068b500000, 0x000000068b500000, 0x000000068b600000|  0%| F|  |TAMS 0x000000068b500000, 0x000000068b500000| Untracked 
| 162|0x000000068b600000, 0x000000068b600000, 0x000000068b700000|  0%| F|  |TAMS 0x000000068b600000, 0x000000068b600000| Untracked 
| 163|0x000000068b700000, 0x000000068b700000, 0x000000068b800000|  0%| F|  |TAMS 0x000000068b700000, 0x000000068b700000| Untracked 
| 164|0x000000068b800000, 0x000000068b800000, 0x000000068b900000|  0%| F|  |TAMS 0x000000068b800000, 0x000000068b800000| Untracked 
| 165|0x000000068b900000, 0x000000068b900000, 0x000000068ba00000|  0%| F|  |TAMS 0x000000068b900000, 0x000000068b900000| Untracked 
| 166|0x000000068ba00000, 0x000000068ba00000, 0x000000068bb00000|  0%| F|  |TAMS 0x000000068ba00000, 0x000000068ba00000| Untracked 
| 167|0x000000068bb00000, 0x000000068bb00000, 0x000000068bc00000|  0%| F|  |TAMS 0x000000068bb00000, 0x000000068bb00000| Untracked 
| 168|0x000000068bc00000, 0x000000068bc00000, 0x000000068bd00000|  0%| F|  |TAMS 0x000000068bc00000, 0x000000068bc00000| Untracked 
| 169|0x000000068bd00000, 0x000000068bd00000, 0x000000068be00000|  0%| F|  |TAMS 0x000000068bd00000, 0x000000068bd00000| Untracked 
| 170|0x000000068be00000, 0x000000068be00000, 0x000000068bf00000|  0%| F|  |TAMS 0x000000068be00000, 0x000000068be00000| Untracked 
| 171|0x000000068bf00000, 0x000000068bf00000, 0x000000068c000000|  0%| F|  |TAMS 0x000000068bf00000, 0x000000068bf00000| Untracked 
| 172|0x000000068c000000, 0x000000068c000000, 0x000000068c100000|  0%| F|  |TAMS 0x000000068c000000, 0x000000068c000000| Untracked 
| 173|0x000000068c100000, 0x000000068c100000, 0x000000068c200000|  0%| F|  |TAMS 0x000000068c100000, 0x000000068c100000| Untracked 
| 174|0x000000068c200000, 0x000000068c200000, 0x000000068c300000|  0%| F|  |TAMS 0x000000068c200000, 0x000000068c200000| Untracked 
| 175|0x000000068c300000, 0x000000068c300000, 0x000000068c400000|  0%| F|  |TAMS 0x000000068c300000, 0x000000068c300000| Untracked 
| 176|0x000000068c400000, 0x000000068c400000, 0x000000068c500000|  0%| F|  |TAMS 0x000000068c400000, 0x000000068c400000| Untracked 
| 177|0x000000068c500000, 0x000000068c500000, 0x000000068c600000|  0%| F|  |TAMS 0x000000068c500000, 0x000000068c500000| Untracked 
| 178|0x000000068c600000, 0x000000068c600000, 0x000000068c700000|  0%| F|  |TAMS 0x000000068c600000, 0x000000068c600000| Untracked 
| 179|0x000000068c700000, 0x000000068c700000, 0x000000068c800000|  0%| F|  |TAMS 0x000000068c700000, 0x000000068c700000| Untracked 
| 180|0x000000068c800000, 0x000000068c800000, 0x000000068c900000|  0%| F|  |TAMS 0x000000068c800000, 0x000000068c800000| Untracked 
| 181|0x000000068c900000, 0x000000068c900000, 0x000000068ca00000|  0%| F|  |TAMS 0x000000068c900000, 0x000000068c900000| Untracked 
| 182|0x000000068ca00000, 0x000000068ca00000, 0x000000068cb00000|  0%| F|  |TAMS 0x000000068ca00000, 0x000000068ca00000| Untracked 
| 183|0x000000068cb00000, 0x000000068cb00000, 0x000000068cc00000|  0%| F|  |TAMS 0x000000068cb00000, 0x000000068cb00000| Untracked 
| 184|0x000000068cc00000, 0x000000068cc00000, 0x000000068cd00000|  0%| F|  |TAMS 0x000000068cc00000, 0x000000068cc00000| Untracked 
| 185|0x000000068cd00000, 0x000000068cd00000, 0x000000068ce00000|  0%| F|  |TAMS 0x000000068cd00000, 0x000000068cd00000| Untracked 
| 186|0x000000068ce00000, 0x000000068ce00000, 0x000000068cf00000|  0%| F|  |TAMS 0x000000068ce00000, 0x000000068ce00000| Untracked 
| 187|0x000000068cf00000, 0x000000068cf00000, 0x000000068d000000|  0%| F|  |TAMS 0x000000068cf00000, 0x000000068cf00000| Untracked 
| 188|0x000000068d000000, 0x000000068d000000, 0x000000068d100000|  0%| F|  |TAMS 0x000000068d000000, 0x000000068d000000| Untracked 
| 189|0x000000068d100000, 0x000000068d100000, 0x000000068d200000|  0%| F|  |TAMS 0x000000068d100000, 0x000000068d100000| Untracked 
| 190|0x000000068d200000, 0x000000068d200000, 0x000000068d300000|  0%| F|  |TAMS 0x000000068d200000, 0x000000068d200000| Untracked 
| 191|0x000000068d300000, 0x000000068d300000, 0x000000068d400000|  0%| F|  |TAMS 0x000000068d300000, 0x000000068d300000| Untracked 
| 192|0x000000068d400000, 0x000000068d400000, 0x000000068d500000|  0%| F|  |TAMS 0x000000068d400000, 0x000000068d400000| Untracked 
| 193|0x000000068d500000, 0x000000068d500000, 0x000000068d600000|  0%| F|  |TAMS 0x000000068d500000, 0x000000068d500000| Untracked 
| 194|0x000000068d600000, 0x000000068d600000, 0x000000068d700000|  0%| F|  |TAMS 0x000000068d600000, 0x000000068d600000| Untracked 
| 195|0x000000068d700000, 0x000000068d700000, 0x000000068d800000|  0%| F|  |TAMS 0x000000068d700000, 0x000000068d700000| Untracked 
| 196|0x000000068d800000, 0x000000068d800000, 0x000000068d900000|  0%| F|  |TAMS 0x000000068d800000, 0x000000068d800000| Untracked 
| 197|0x000000068d900000, 0x000000068d900000, 0x000000068da00000|  0%| F|  |TAMS 0x000000068d900000, 0x000000068d900000| Untracked 
| 198|0x000000068da00000, 0x000000068da00000, 0x000000068db00000|  0%| F|  |TAMS 0x000000068da00000, 0x000000068da00000| Untracked 
| 199|0x000000068db00000, 0x000000068db00000, 0x000000068dc00000|  0%| F|  |TAMS 0x000000068db00000, 0x000000068db00000| Untracked 
| 200|0x000000068dc00000, 0x000000068dc00000, 0x000000068dd00000|  0%| F|  |TAMS 0x000000068dc00000, 0x000000068dc00000| Untracked 
| 201|0x000000068dd00000, 0x000000068dd00000, 0x000000068de00000|  0%| F|  |TAMS 0x000000068dd00000, 0x000000068dd00000| Untracked 
| 202|0x000000068de00000, 0x000000068de00000, 0x000000068df00000|  0%| F|  |TAMS 0x000000068de00000, 0x000000068de00000| Untracked 
| 203|0x000000068df00000, 0x000000068df00000, 0x000000068e000000|  0%| F|  |TAMS 0x000000068df00000, 0x000000068df00000| Untracked 
| 204|0x000000068e000000, 0x000000068e000000, 0x000000068e100000|  0%| F|  |TAMS 0x000000068e000000, 0x000000068e000000| Untracked 
| 205|0x000000068e100000, 0x000000068e100000, 0x000000068e200000|  0%| F|  |TAMS 0x000000068e100000, 0x000000068e100000| Untracked 
| 206|0x000000068e200000, 0x000000068e200000, 0x000000068e300000|  0%| F|  |TAMS 0x000000068e200000, 0x000000068e200000| Untracked 
| 207|0x000000068e300000, 0x000000068e300000, 0x000000068e400000|  0%| F|  |TAMS 0x000000068e300000, 0x000000068e300000| Untracked 
| 208|0x000000068e400000, 0x000000068e400000, 0x000000068e500000|  0%| F|  |TAMS 0x000000068e400000, 0x000000068e400000| Untracked 
| 209|0x000000068e500000, 0x000000068e500000, 0x000000068e600000|  0%| F|  |TAMS 0x000000068e500000, 0x000000068e500000| Untracked 
| 210|0x000000068e600000, 0x000000068e600000, 0x000000068e700000|  0%| F|  |TAMS 0x000000068e600000, 0x000000068e600000| Untracked 
| 211|0x000000068e700000, 0x000000068e700000, 0x000000068e800000|  0%| F|  |TAMS 0x000000068e700000, 0x000000068e700000| Untracked 
| 212|0x000000068e800000, 0x000000068e800000, 0x000000068e900000|  0%| F|  |TAMS 0x000000068e800000, 0x000000068e800000| Untracked 
| 213|0x000000068e900000, 0x000000068e900000, 0x000000068ea00000|  0%| F|  |TAMS 0x000000068e900000, 0x000000068e900000| Untracked 
| 214|0x000000068ea00000, 0x000000068ea00000, 0x000000068eb00000|  0%| F|  |TAMS 0x000000068ea00000, 0x000000068ea00000| Untracked 
| 215|0x000000068eb00000, 0x000000068eb00000, 0x000000068ec00000|  0%| F|  |TAMS 0x000000068eb00000, 0x000000068eb00000| Untracked 
| 216|0x000000068ec00000, 0x000000068ec00000, 0x000000068ed00000|  0%| F|  |TAMS 0x000000068ec00000, 0x000000068ec00000| Untracked 
| 217|0x000000068ed00000, 0x000000068ed00000, 0x000000068ee00000|  0%| F|  |TAMS 0x000000068ed00000, 0x000000068ed00000| Untracked 
| 218|0x000000068ee00000, 0x000000068ee00000, 0x000000068ef00000|  0%| F|  |TAMS 0x000000068ee00000, 0x000000068ee00000| Untracked 
| 219|0x000000068ef00000, 0x000000068ef00000, 0x000000068f000000|  0%| F|  |TAMS 0x000000068ef00000, 0x000000068ef00000| Untracked 
| 220|0x000000068f000000, 0x000000068f000000, 0x000000068f100000|  0%| F|  |TAMS 0x000000068f000000, 0x000000068f000000| Untracked 
| 221|0x000000068f100000, 0x000000068f100000, 0x000000068f200000|  0%| F|  |TAMS 0x000000068f100000, 0x000000068f100000| Untracked 
| 222|0x000000068f200000, 0x000000068f200000, 0x000000068f300000|  0%| F|  |TAMS 0x000000068f200000, 0x000000068f200000| Untracked 
| 223|0x000000068f300000, 0x000000068f300000, 0x000000068f400000|  0%| F|  |TAMS 0x000000068f300000, 0x000000068f300000| Untracked 
| 224|0x000000068f400000, 0x000000068f400000, 0x000000068f500000|  0%| F|  |TAMS 0x000000068f400000, 0x000000068f400000| Untracked 
| 225|0x000000068f500000, 0x000000068f500000, 0x000000068f600000|  0%| F|  |TAMS 0x000000068f500000, 0x000000068f500000| Untracked 
| 226|0x000000068f600000, 0x000000068f600000, 0x000000068f700000|  0%| F|  |TAMS 0x000000068f600000, 0x000000068f600000| Untracked 
| 227|0x000000068f700000, 0x000000068f700000, 0x000000068f800000|  0%| F|  |TAMS 0x000000068f700000, 0x000000068f700000| Untracked 
| 228|0x000000068f800000, 0x000000068f800000, 0x000000068f900000|  0%| F|  |TAMS 0x000000068f800000, 0x000000068f800000| Untracked 
| 229|0x000000068f900000, 0x000000068f900000, 0x000000068fa00000|  0%| F|  |TAMS 0x000000068f900000, 0x000000068f900000| Untracked 
| 230|0x000000068fa00000, 0x000000068fa00000, 0x000000068fb00000|  0%| F|  |TAMS 0x000000068fa00000, 0x000000068fa00000| Untracked 
| 231|0x000000068fb00000, 0x000000068fb00000, 0x000000068fc00000|  0%| F|  |TAMS 0x000000068fb00000, 0x000000068fb00000| Untracked 
| 232|0x000000068fc00000, 0x000000068fc00000, 0x000000068fd00000|  0%| F|  |TAMS 0x000000068fc00000, 0x000000068fc00000| Untracked 
| 233|0x000000068fd00000, 0x000000068fd00000, 0x000000068fe00000|  0%| F|  |TAMS 0x000000068fd00000, 0x000000068fd00000| Untracked 
| 234|0x000000068fe00000, 0x000000068fe00000, 0x000000068ff00000|  0%| F|  |TAMS 0x000000068fe00000, 0x000000068fe00000| Untracked 
| 235|0x000000068ff00000, 0x000000068ff00000, 0x0000000690000000|  0%| F|  |TAMS 0x000000068ff00000, 0x000000068ff00000| Untracked 
| 236|0x0000000690000000, 0x0000000690000000, 0x0000000690100000|  0%| F|  |TAMS 0x0000000690000000, 0x0000000690000000| Untracked 
| 237|0x0000000690100000, 0x0000000690100000, 0x0000000690200000|  0%| F|  |TAMS 0x0000000690100000, 0x0000000690100000| Untracked 
| 238|0x0000000690200000, 0x0000000690200000, 0x0000000690300000|  0%| F|  |TAMS 0x0000000690200000, 0x0000000690200000| Untracked 
| 239|0x0000000690300000, 0x0000000690300000, 0x0000000690400000|  0%| F|  |TAMS 0x0000000690300000, 0x0000000690300000| Untracked 
| 240|0x0000000690400000, 0x0000000690400000, 0x0000000690500000|  0%| F|  |TAMS 0x0000000690400000, 0x0000000690400000| Untracked 
| 241|0x0000000690500000, 0x0000000690500000, 0x0000000690600000|  0%| F|  |TAMS 0x0000000690500000, 0x0000000690500000| Untracked 
| 242|0x0000000690600000, 0x0000000690600000, 0x0000000690700000|  0%| F|  |TAMS 0x0000000690600000, 0x0000000690600000| Untracked 
| 243|0x0000000690700000, 0x0000000690700000, 0x0000000690800000|  0%| F|  |TAMS 0x0000000690700000, 0x0000000690700000| Untracked 
| 244|0x0000000690800000, 0x0000000690800000, 0x0000000690900000|  0%| F|  |TAMS 0x0000000690800000, 0x0000000690800000| Untracked 
| 245|0x0000000690900000, 0x0000000690900000, 0x0000000690a00000|  0%| F|  |TAMS 0x0000000690900000, 0x0000000690900000| Untracked 
| 246|0x0000000690a00000, 0x0000000690a00000, 0x0000000690b00000|  0%| F|  |TAMS 0x0000000690a00000, 0x0000000690a00000| Untracked 
| 247|0x0000000690b00000, 0x0000000690b00000, 0x0000000690c00000|  0%| F|  |TAMS 0x0000000690b00000, 0x0000000690b00000| Untracked 
| 248|0x0000000690c00000, 0x0000000690c00000, 0x0000000690d00000|  0%| F|  |TAMS 0x0000000690c00000, 0x0000000690c00000| Untracked 
| 249|0x0000000690d00000, 0x0000000690d00000, 0x0000000690e00000|  0%| F|  |TAMS 0x0000000690d00000, 0x0000000690d00000| Untracked 
| 250|0x0000000690e00000, 0x0000000690e00000, 0x0000000690f00000|  0%| F|  |TAMS 0x0000000690e00000, 0x0000000690e00000| Untracked 
| 251|0x0000000690f00000, 0x0000000690f00000, 0x0000000691000000|  0%| F|  |TAMS 0x0000000690f00000, 0x0000000690f00000| Untracked 
| 252|0x0000000691000000, 0x0000000691000000, 0x0000000691100000|  0%| F|  |TAMS 0x0000000691000000, 0x0000000691000000| Untracked 
| 253|0x0000000691100000, 0x0000000691100000, 0x0000000691200000|  0%| F|  |TAMS 0x0000000691100000, 0x0000000691100000| Untracked 
| 254|0x0000000691200000, 0x0000000691200000, 0x0000000691300000|  0%| F|  |TAMS 0x0000000691200000, 0x0000000691200000| Untracked 
| 255|0x0000000691300000, 0x0000000691300000, 0x0000000691400000|  0%| F|  |TAMS 0x0000000691300000, 0x0000000691300000| Untracked 
| 256|0x0000000691400000, 0x0000000691400000, 0x0000000691500000|  0%| F|  |TAMS 0x0000000691400000, 0x0000000691400000| Untracked 
| 257|0x0000000691500000, 0x0000000691500000, 0x0000000691600000|  0%| F|  |TAMS 0x0000000691500000, 0x0000000691500000| Untracked 
| 258|0x0000000691600000, 0x0000000691600000, 0x0000000691700000|  0%| F|  |TAMS 0x0000000691600000, 0x0000000691600000| Untracked 
| 259|0x0000000691700000, 0x0000000691700000, 0x0000000691800000|  0%| F|  |TAMS 0x0000000691700000, 0x0000000691700000| Untracked 
| 260|0x0000000691800000, 0x0000000691800000, 0x0000000691900000|  0%| F|  |TAMS 0x0000000691800000, 0x0000000691800000| Untracked 
| 261|0x0000000691900000, 0x0000000691900000, 0x0000000691a00000|  0%| F|  |TAMS 0x0000000691900000, 0x0000000691900000| Untracked 
| 262|0x0000000691a00000, 0x0000000691a00000, 0x0000000691b00000|  0%| F|  |TAMS 0x0000000691a00000, 0x0000000691a00000| Untracked 
| 263|0x0000000691b00000, 0x0000000691b00000, 0x0000000691c00000|  0%| F|  |TAMS 0x0000000691b00000, 0x0000000691b00000| Untracked 
| 264|0x0000000691c00000, 0x0000000691c00000, 0x0000000691d00000|  0%| F|  |TAMS 0x0000000691c00000, 0x0000000691c00000| Untracked 
| 265|0x0000000691d00000, 0x0000000691d00000, 0x0000000691e00000|  0%| F|  |TAMS 0x0000000691d00000, 0x0000000691d00000| Untracked 
| 266|0x0000000691e00000, 0x0000000691e00000, 0x0000000691f00000|  0%| F|  |TAMS 0x0000000691e00000, 0x0000000691e00000| Untracked 
| 267|0x0000000691f00000, 0x0000000691f00000, 0x0000000692000000|  0%| F|  |TAMS 0x0000000691f00000, 0x0000000691f00000| Untracked 
| 268|0x0000000692000000, 0x0000000692000000, 0x0000000692100000|  0%| F|  |TAMS 0x0000000692000000, 0x0000000692000000| Untracked 
| 269|0x0000000692100000, 0x0000000692100000, 0x0000000692200000|  0%| F|  |TAMS 0x0000000692100000, 0x0000000692100000| Untracked 
| 270|0x0000000692200000, 0x0000000692200000, 0x0000000692300000|  0%| F|  |TAMS 0x0000000692200000, 0x0000000692200000| Untracked 
| 271|0x0000000692300000, 0x0000000692300000, 0x0000000692400000|  0%| F|  |TAMS 0x0000000692300000, 0x0000000692300000| Untracked 
| 272|0x0000000692400000, 0x0000000692400000, 0x0000000692500000|  0%| F|  |TAMS 0x0000000692400000, 0x0000000692400000| Untracked 
| 273|0x0000000692500000, 0x0000000692500000, 0x0000000692600000|  0%| F|  |TAMS 0x0000000692500000, 0x0000000692500000| Untracked 
| 274|0x0000000692600000, 0x0000000692600000, 0x0000000692700000|  0%| F|  |TAMS 0x0000000692600000, 0x0000000692600000| Untracked 
| 275|0x0000000692700000, 0x0000000692700000, 0x0000000692800000|  0%| F|  |TAMS 0x0000000692700000, 0x0000000692700000| Untracked 
| 276|0x0000000692800000, 0x0000000692800000, 0x0000000692900000|  0%| F|  |TAMS 0x0000000692800000, 0x0000000692800000| Untracked 
| 277|0x0000000692900000, 0x0000000692900000, 0x0000000692a00000|  0%| F|  |TAMS 0x0000000692900000, 0x0000000692900000| Untracked 
| 278|0x0000000692a00000, 0x0000000692a00000, 0x0000000692b00000|  0%| F|  |TAMS 0x0000000692a00000, 0x0000000692a00000| Untracked 
| 279|0x0000000692b00000, 0x0000000692b00000, 0x0000000692c00000|  0%| F|  |TAMS 0x0000000692b00000, 0x0000000692b00000| Untracked 
| 280|0x0000000692c00000, 0x0000000692c00000, 0x0000000692d00000|  0%| F|  |TAMS 0x0000000692c00000, 0x0000000692c00000| Untracked 
| 281|0x0000000692d00000, 0x0000000692d00000, 0x0000000692e00000|  0%| F|  |TAMS 0x0000000692d00000, 0x0000000692d00000| Untracked 
| 282|0x0000000692e00000, 0x0000000692e00000, 0x0000000692f00000|  0%| F|  |TAMS 0x0000000692e00000, 0x0000000692e00000| Untracked 
| 283|0x0000000692f00000, 0x0000000692f00000, 0x0000000693000000|  0%| F|  |TAMS 0x0000000692f00000, 0x0000000692f00000| Untracked 
| 284|0x0000000693000000, 0x0000000693000000, 0x0000000693100000|  0%| F|  |TAMS 0x0000000693000000, 0x0000000693000000| Untracked 
| 285|0x0000000693100000, 0x0000000693100000, 0x0000000693200000|  0%| F|  |TAMS 0x0000000693100000, 0x0000000693100000| Untracked 
| 286|0x0000000693200000, 0x0000000693200000, 0x0000000693300000|  0%| F|  |TAMS 0x0000000693200000, 0x0000000693200000| Untracked 
| 287|0x0000000693300000, 0x0000000693300000, 0x0000000693400000|  0%| F|  |TAMS 0x0000000693300000, 0x0000000693300000| Untracked 
| 288|0x0000000693400000, 0x0000000693400000, 0x0000000693500000|  0%| F|  |TAMS 0x0000000693400000, 0x0000000693400000| Untracked 
| 289|0x0000000693500000, 0x0000000693500000, 0x0000000693600000|  0%| F|  |TAMS 0x0000000693500000, 0x0000000693500000| Untracked 
| 290|0x0000000693600000, 0x0000000693600000, 0x0000000693700000|  0%| F|  |TAMS 0x0000000693600000, 0x0000000693600000| Untracked 
| 291|0x0000000693700000, 0x0000000693700000, 0x0000000693800000|  0%| F|  |TAMS 0x0000000693700000, 0x0000000693700000| Untracked 
| 292|0x0000000693800000, 0x0000000693800000, 0x0000000693900000|  0%| F|  |TAMS 0x0000000693800000, 0x0000000693800000| Untracked 
| 293|0x0000000693900000, 0x0000000693900000, 0x0000000693a00000|  0%| F|  |TAMS 0x0000000693900000, 0x0000000693900000| Untracked 
| 294|0x0000000693a00000, 0x0000000693a00000, 0x0000000693b00000|  0%| F|  |TAMS 0x0000000693a00000, 0x0000000693a00000| Untracked 
| 295|0x0000000693b00000, 0x0000000693b00000, 0x0000000693c00000|  0%| F|  |TAMS 0x0000000693b00000, 0x0000000693b00000| Untracked 
| 296|0x0000000693c00000, 0x0000000693c00000, 0x0000000693d00000|  0%| F|  |TAMS 0x0000000693c00000, 0x0000000693c00000| Untracked 
| 297|0x0000000693d00000, 0x0000000693d00000, 0x0000000693e00000|  0%| F|  |TAMS 0x0000000693d00000, 0x0000000693d00000| Untracked 
| 298|0x0000000693e00000, 0x0000000693e00000, 0x0000000693f00000|  0%| F|  |TAMS 0x0000000693e00000, 0x0000000693e00000| Untracked 
| 299|0x0000000693f00000, 0x0000000693f00000, 0x0000000694000000|  0%| F|  |TAMS 0x0000000693f00000, 0x0000000693f00000| Untracked 
| 300|0x0000000694000000, 0x0000000694000000, 0x0000000694100000|  0%| F|  |TAMS 0x0000000694000000, 0x0000000694000000| Untracked 
| 301|0x0000000694100000, 0x0000000694100000, 0x0000000694200000|  0%| F|  |TAMS 0x0000000694100000, 0x0000000694100000| Untracked 
| 302|0x0000000694200000, 0x0000000694200000, 0x0000000694300000|  0%| F|  |TAMS 0x0000000694200000, 0x0000000694200000| Untracked 
| 303|0x0000000694300000, 0x0000000694300000, 0x0000000694400000|  0%| F|  |TAMS 0x0000000694300000, 0x0000000694300000| Untracked 
| 304|0x0000000694400000, 0x0000000694400000, 0x0000000694500000|  0%| F|  |TAMS 0x0000000694400000, 0x0000000694400000| Untracked 
| 305|0x0000000694500000, 0x0000000694500000, 0x0000000694600000|  0%| F|  |TAMS 0x0000000694500000, 0x0000000694500000| Untracked 
| 306|0x0000000694600000, 0x0000000694600000, 0x0000000694700000|  0%| F|  |TAMS 0x0000000694600000, 0x0000000694600000| Untracked 
| 307|0x0000000694700000, 0x0000000694700000, 0x0000000694800000|  0%| F|  |TAMS 0x0000000694700000, 0x0000000694700000| Untracked 
| 308|0x0000000694800000, 0x0000000694800000, 0x0000000694900000|  0%| F|  |TAMS 0x0000000694800000, 0x0000000694800000| Untracked 
| 309|0x0000000694900000, 0x0000000694900000, 0x0000000694a00000|  0%| F|  |TAMS 0x0000000694900000, 0x0000000694900000| Untracked 
| 310|0x0000000694a00000, 0x0000000694a00000, 0x0000000694b00000|  0%| F|  |TAMS 0x0000000694a00000, 0x0000000694a00000| Untracked 
| 311|0x0000000694b00000, 0x0000000694b00000, 0x0000000694c00000|  0%| F|  |TAMS 0x0000000694b00000, 0x0000000694b00000| Untracked 
| 312|0x0000000694c00000, 0x0000000694c00000, 0x0000000694d00000|  0%| F|  |TAMS 0x0000000694c00000, 0x0000000694c00000| Untracked 
| 313|0x0000000694d00000, 0x0000000694d00000, 0x0000000694e00000|  0%| F|  |TAMS 0x0000000694d00000, 0x0000000694d00000| Untracked 
| 314|0x0000000694e00000, 0x0000000694e00000, 0x0000000694f00000|  0%| F|  |TAMS 0x0000000694e00000, 0x0000000694e00000| Untracked 
| 315|0x0000000694f00000, 0x0000000694f00000, 0x0000000695000000|  0%| F|  |TAMS 0x0000000694f00000, 0x0000000694f00000| Untracked 
| 316|0x0000000695000000, 0x0000000695000000, 0x0000000695100000|  0%| F|  |TAMS 0x0000000695000000, 0x0000000695000000| Untracked 
| 317|0x0000000695100000, 0x0000000695100000, 0x0000000695200000|  0%| F|  |TAMS 0x0000000695100000, 0x0000000695100000| Untracked 
| 318|0x0000000695200000, 0x0000000695200000, 0x0000000695300000|  0%| F|  |TAMS 0x0000000695200000, 0x0000000695200000| Untracked 
| 319|0x0000000695300000, 0x0000000695300000, 0x0000000695400000|  0%| F|  |TAMS 0x0000000695300000, 0x0000000695300000| Untracked 
| 320|0x0000000695400000, 0x0000000695400000, 0x0000000695500000|  0%| F|  |TAMS 0x0000000695400000, 0x0000000695400000| Untracked 
| 321|0x0000000695500000, 0x0000000695500000, 0x0000000695600000|  0%| F|  |TAMS 0x0000000695500000, 0x0000000695500000| Untracked 
| 322|0x0000000695600000, 0x0000000695600000, 0x0000000695700000|  0%| F|  |TAMS 0x0000000695600000, 0x0000000695600000| Untracked 
| 323|0x0000000695700000, 0x0000000695700000, 0x0000000695800000|  0%| F|  |TAMS 0x0000000695700000, 0x0000000695700000| Untracked 
| 324|0x0000000695800000, 0x0000000695800000, 0x0000000695900000|  0%| F|  |TAMS 0x0000000695800000, 0x0000000695800000| Untracked 
| 325|0x0000000695900000, 0x0000000695900000, 0x0000000695a00000|  0%| F|  |TAMS 0x0000000695900000, 0x0000000695900000| Untracked 
| 326|0x0000000695a00000, 0x0000000695a00000, 0x0000000695b00000|  0%| F|  |TAMS 0x0000000695a00000, 0x0000000695a00000| Untracked 
| 327|0x0000000695b00000, 0x0000000695b00000, 0x0000000695c00000|  0%| F|  |TAMS 0x0000000695b00000, 0x0000000695b00000| Untracked 
| 328|0x0000000695c00000, 0x0000000695c00000, 0x0000000695d00000|  0%| F|  |TAMS 0x0000000695c00000, 0x0000000695c00000| Untracked 
| 329|0x0000000695d00000, 0x0000000695d00000, 0x0000000695e00000|  0%| F|  |TAMS 0x0000000695d00000, 0x0000000695d00000| Untracked 
| 330|0x0000000695e00000, 0x0000000695e00000, 0x0000000695f00000|  0%| F|  |TAMS 0x0000000695e00000, 0x0000000695e00000| Untracked 
| 331|0x0000000695f00000, 0x0000000695f00000, 0x0000000696000000|  0%| F|  |TAMS 0x0000000695f00000, 0x0000000695f00000| Untracked 
| 332|0x0000000696000000, 0x0000000696000000, 0x0000000696100000|  0%| F|  |TAMS 0x0000000696000000, 0x0000000696000000| Untracked 
| 333|0x0000000696100000, 0x0000000696100000, 0x0000000696200000|  0%| F|  |TAMS 0x0000000696100000, 0x0000000696100000| Untracked 
| 334|0x0000000696200000, 0x0000000696200000, 0x0000000696300000|  0%| F|  |TAMS 0x0000000696200000, 0x0000000696200000| Untracked 
| 335|0x0000000696300000, 0x0000000696300000, 0x0000000696400000|  0%| F|  |TAMS 0x0000000696300000, 0x0000000696300000| Untracked 
| 336|0x0000000696400000, 0x0000000696400000, 0x0000000696500000|  0%| F|  |TAMS 0x0000000696400000, 0x0000000696400000| Untracked 
| 337|0x0000000696500000, 0x0000000696500000, 0x0000000696600000|  0%| F|  |TAMS 0x0000000696500000, 0x0000000696500000| Untracked 
| 338|0x0000000696600000, 0x0000000696600000, 0x0000000696700000|  0%| F|  |TAMS 0x0000000696600000, 0x0000000696600000| Untracked 
| 339|0x0000000696700000, 0x0000000696700000, 0x0000000696800000|  0%| F|  |TAMS 0x0000000696700000, 0x0000000696700000| Untracked 
| 340|0x0000000696800000, 0x0000000696800000, 0x0000000696900000|  0%| F|  |TAMS 0x0000000696800000, 0x0000000696800000| Untracked 
| 341|0x0000000696900000, 0x0000000696900000, 0x0000000696a00000|  0%| F|  |TAMS 0x0000000696900000, 0x0000000696900000| Untracked 
| 342|0x0000000696a00000, 0x0000000696a00000, 0x0000000696b00000|  0%| F|  |TAMS 0x0000000696a00000, 0x0000000696a00000| Untracked 
| 343|0x0000000696b00000, 0x0000000696b00000, 0x0000000696c00000|  0%| F|  |TAMS 0x0000000696b00000, 0x0000000696b00000| Untracked 
| 344|0x0000000696c00000, 0x0000000696c00000, 0x0000000696d00000|  0%| F|  |TAMS 0x0000000696c00000, 0x0000000696c00000| Untracked 
| 345|0x0000000696d00000, 0x0000000696d00000, 0x0000000696e00000|  0%| F|  |TAMS 0x0000000696d00000, 0x0000000696d00000| Untracked 
| 346|0x0000000696e00000, 0x0000000696e00000, 0x0000000696f00000|  0%| F|  |TAMS 0x0000000696e00000, 0x0000000696e00000| Untracked 
| 347|0x0000000696f00000, 0x0000000696f00000, 0x0000000697000000|  0%| F|  |TAMS 0x0000000696f00000, 0x0000000696f00000| Untracked 
| 348|0x0000000697000000, 0x0000000697000000, 0x0000000697100000|  0%| F|  |TAMS 0x0000000697000000, 0x0000000697000000| Untracked 
| 349|0x0000000697100000, 0x0000000697100000, 0x0000000697200000|  0%| F|  |TAMS 0x0000000697100000, 0x0000000697100000| Untracked 
| 350|0x0000000697200000, 0x0000000697300000, 0x0000000697300000|100%| E|  |TAMS 0x0000000697200000, 0x0000000697200000| Complete 
| 351|0x0000000697300000, 0x0000000697400000, 0x0000000697400000|100%| E|CS|TAMS 0x0000000697300000, 0x0000000697300000| Complete 
| 352|0x0000000697400000, 0x0000000697500000, 0x0000000697500000|100%| E|CS|TAMS 0x0000000697400000, 0x0000000697400000| Complete 
| 353|0x0000000697500000, 0x0000000697600000, 0x0000000697600000|100%| E|CS|TAMS 0x0000000697500000, 0x0000000697500000| Complete 
| 354|0x0000000697600000, 0x0000000697700000, 0x0000000697700000|100%| E|CS|TAMS 0x0000000697600000, 0x0000000697600000| Complete 
| 355|0x0000000697700000, 0x0000000697800000, 0x0000000697800000|100%| E|CS|TAMS 0x0000000697700000, 0x0000000697700000| Complete 
| 356|0x0000000697800000, 0x0000000697900000, 0x0000000697900000|100%| E|CS|TAMS 0x0000000697800000, 0x0000000697800000| Complete 
| 357|0x0000000697900000, 0x0000000697a00000, 0x0000000697a00000|100%| S|CS|TAMS 0x0000000697900000, 0x0000000697900000| Complete 
| 358|0x0000000697a00000, 0x0000000697b00000, 0x0000000697b00000|100%| S|CS|TAMS 0x0000000697a00000, 0x0000000697a00000| Complete 
| 359|0x0000000697b00000, 0x0000000697c00000, 0x0000000697c00000|100%| S|CS|TAMS 0x0000000697b00000, 0x0000000697b00000| Complete 
| 360|0x0000000697c00000, 0x0000000697d00000, 0x0000000697d00000|100%| E|CS|TAMS 0x0000000697c00000, 0x0000000697c00000| Complete 
| 361|0x0000000697d00000, 0x0000000697e00000, 0x0000000697e00000|100%| E|CS|TAMS 0x0000000697d00000, 0x0000000697d00000| Complete 
| 362|0x0000000697e00000, 0x0000000697f00000, 0x0000000697f00000|100%| E|CS|TAMS 0x0000000697e00000, 0x0000000697e00000| Complete 
| 363|0x0000000697f00000, 0x0000000698000000, 0x0000000698000000|100%| E|CS|TAMS 0x0000000697f00000, 0x0000000697f00000| Complete 
| 364|0x0000000698000000, 0x0000000698100000, 0x0000000698100000|100%| E|CS|TAMS 0x0000000698000000, 0x0000000698000000| Complete 
| 365|0x0000000698100000, 0x0000000698200000, 0x0000000698200000|100%| E|CS|TAMS 0x0000000698100000, 0x0000000698100000| Complete 
| 366|0x0000000698200000, 0x0000000698300000, 0x0000000698300000|100%| E|CS|TAMS 0x0000000698200000, 0x0000000698200000| Complete 
| 367|0x0000000698300000, 0x0000000698400000, 0x0000000698400000|100%| E|CS|TAMS 0x0000000698300000, 0x0000000698300000| Complete 
| 368|0x0000000698400000, 0x0000000698500000, 0x0000000698500000|100%| E|CS|TAMS 0x0000000698400000, 0x0000000698400000| Complete 
| 369|0x0000000698500000, 0x0000000698600000, 0x0000000698600000|100%| E|CS|TAMS 0x0000000698500000, 0x0000000698500000| Complete 
| 370|0x0000000698600000, 0x0000000698700000, 0x0000000698700000|100%| E|CS|TAMS 0x0000000698600000, 0x0000000698600000| Complete 
| 371|0x0000000698700000, 0x0000000698800000, 0x0000000698800000|100%| E|CS|TAMS 0x0000000698700000, 0x0000000698700000| Complete 
| 372|0x0000000698800000, 0x0000000698900000, 0x0000000698900000|100%| E|CS|TAMS 0x0000000698800000, 0x0000000698800000| Complete 
| 373|0x0000000698900000, 0x0000000698a00000, 0x0000000698a00000|100%| E|CS|TAMS 0x0000000698900000, 0x0000000698900000| Complete 
| 374|0x0000000698a00000, 0x0000000698b00000, 0x0000000698b00000|100%| E|CS|TAMS 0x0000000698a00000, 0x0000000698a00000| Complete 
| 375|0x0000000698b00000, 0x0000000698c00000, 0x0000000698c00000|100%| E|CS|TAMS 0x0000000698b00000, 0x0000000698b00000| Complete 
| 376|0x0000000698c00000, 0x0000000698d00000, 0x0000000698d00000|100%| E|CS|TAMS 0x0000000698c00000, 0x0000000698c00000| Complete 
| 377|0x0000000698d00000, 0x0000000698e00000, 0x0000000698e00000|100%| E|CS|TAMS 0x0000000698d00000, 0x0000000698d00000| Complete 
| 378|0x0000000698e00000, 0x0000000698f00000, 0x0000000698f00000|100%| E|CS|TAMS 0x0000000698e00000, 0x0000000698e00000| Complete 
| 379|0x0000000698f00000, 0x0000000699000000, 0x0000000699000000|100%| E|CS|TAMS 0x0000000698f00000, 0x0000000698f00000| Complete 
| 380|0x0000000699000000, 0x0000000699100000, 0x0000000699100000|100%| E|CS|TAMS 0x0000000699000000, 0x0000000699000000| Complete 
| 381|0x0000000699100000, 0x0000000699200000, 0x0000000699200000|100%| E|CS|TAMS 0x0000000699100000, 0x0000000699100000| Complete 
| 382|0x0000000699200000, 0x0000000699300000, 0x0000000699300000|100%| E|CS|TAMS 0x0000000699200000, 0x0000000699200000| Complete 
| 383|0x0000000699300000, 0x0000000699400000, 0x0000000699400000|100%| E|CS|TAMS 0x0000000699300000, 0x0000000699300000| Complete 

Card table byte_map: [0x00000229feb50000,0x00000229ff750000] _byte_map_base: 0x00000229fb746000

Marking Bits (Prev, Next): (CMBitMap*) 0x00000229fbcd5dc8, (CMBitMap*) 0x00000229fbcd5e00
 Prev Bits: [0x0000022997e50000, 0x000002299de00000)
 Next Bits: [0x000002299de00000, 0x00000229a3db0000)

Polling page: 0x00000229fba30000

Metaspace:

Usage:
  Non-class:     17.68 MB capacity,    17.32 MB ( 98%) used,   319.19 KB (  2%) free+waste,    53.94 KB ( <1%) overhead. 
      Class:      2.26 MB capacity,     2.07 MB ( 92%) used,   167.02 KB (  7%) free+waste,    25.19 KB (  1%) overhead. 
       Both:     19.95 MB capacity,    19.39 MB ( 97%) used,   486.20 KB (  2%) free+waste,    79.13 KB ( <1%) overhead. 

Virtual space:
  Non-class space:       18.00 MB reserved,      17.75 MB ( 99%) committed 
      Class space:        1.00 GB reserved,       2.38 MB ( <1%) committed 
             Both:        1.02 GB reserved,      20.13 MB (  2%) committed 

Chunk freelists:
   Non-Class:  640 bytes
       Class:  2.38 KB
        Both:  3.00 KB

CodeHeap 'non-profiled nmethods': size=120000Kb used=551Kb max_used=581Kb free=119448Kb
 bounds [0x000002298fd20000, 0x000002298ff90000, 0x0000022997250000]
CodeHeap 'profiled nmethods': size=120000Kb used=3036Kb max_used=3349Kb free=116963Kb
 bounds [0x00000229887f0000, 0x0000022988b40000, 0x000002298fd20000]
CodeHeap 'non-nmethods': size=5760Kb used=1225Kb max_used=1239Kb free=4534Kb
 bounds [0x0000022988250000, 0x00000229884c0000, 0x00000229887f0000]
 total_blobs=2558 nmethods=1538 adapters=378
 compilation: enabled
              stopped_count=0, restarted_count=0
 full_count=0

Compilation events (10 events):
Event: 720.371 Thread 0x00000229a63de800 1736       3       java.util.Formatter::ensureOpen (16 bytes)
Event: 720.372 Thread 0x00000229a63de800 nmethod 1736 0x0000022988830490 code [0x0000022988830660, 0x0000022988830890]
Event: 741.689 Thread 0x00000229a63de800 1737       3       sun.util.locale.provider.LocaleProviderAdapter::getAdapter (177 bytes)
Event: 741.690 Thread 0x00000229a63de800 nmethod 1737 0x0000022988834f90 code [0x00000229888352e0, 0x0000022988836970]
Event: 741.690 Thread 0x00000229a63de800 1740       3       java.lang.StringBuilder::append (8 bytes)
Event: 741.691 Thread 0x00000229a63de800 nmethod 1740 0x000002298882ff90 code [0x0000022988830160, 0x0000022988830390]
Event: 741.691 Thread 0x00000229a63de800 1738       3       java.util.Locale::getUnicodeLocaleType (54 bytes)
Event: 741.691 Thread 0x00000229a63de800 nmethod 1738 0x0000022988833b90 code [0x0000022988833e60, 0x0000022988834b00]
Event: 741.691 Thread 0x00000229a63de800 1739       3       java.util.Locale::isUnicodeExtensionKey (21 bytes)
Event: 741.692 Thread 0x00000229a63de800 nmethod 1739 0x000002298883a090 code [0x000002298883a300, 0x000002298883adb0]

GC Heap History (2 events):
Event: 0.818 GC heap before
{Heap before GC invocations=0 (full 0):
 garbage-first heap   total 393216K, used 23552K [0x0000000681400000, 0x0000000800000000)
  region size 1024K, 24 young (24576K), 0 survivors (0K)
 Metaspace       used 12796K, capacity 12962K, committed 13184K, reserved 1060864K
  class space    used 1280K, capacity 1336K, committed 1408K, reserved 1048576K
}
Event: 0.823 GC heap after
{Heap after GC invocations=1 (full 0):
 garbage-first heap   total 393216K, used 3684K [0x0000000681400000, 0x0000000800000000)
  region size 1024K, 3 young (3072K), 3 survivors (3072K)
 Metaspace       used 12796K, capacity 12962K, committed 13184K, reserved 1060864K
  class space    used 1280K, capacity 1336K, committed 1408K, reserved 1048576K
}

Deoptimization events (10 events):
Event: 0.950 Thread 0x00000229fbc4e800 Uncommon trap: reason=unstable_if action=reinterpret pc=0x000002298fd5f264 method=java.lang.StringUTF16.compress([CI[BII)I @ 20 c2
Event: 1.035 Thread 0x00000229a7b5c800 Uncommon trap: reason=unstable_if action=reinterpret pc=0x000002298fd6d784 method=java.lang.CharacterDataLatin1.digit(II)I @ 12 c2
Event: 1.547 Thread 0x00000229a7b5c800 Uncommon trap: reason=unstable_if action=reinterpret pc=0x000002298fd6c160 method=java.lang.CharacterDataLatin1.digit(II)I @ 12 c2
Event: 2.193 Thread 0x00000229fbc4e800 Uncommon trap: reason=class_check action=maybe_recompile pc=0x000002298fd908ec method=java.util.regex.Matcher.search(I)Z @ 121 c2
Event: 2.193 Thread 0x00000229fbc4e800 Uncommon trap: reason=unstable_if action=reinterpret pc=0x000002298fd8b848 method=java.util.regex.Pattern$BmpCharProperty.match(Ljava/util/regex/Matcher;ILjava/lang/CharSequence;)Z @ 5 c2
Event: 2.193 Thread 0x00000229fbc4e800 Uncommon trap: reason=class_check action=maybe_recompile pc=0x000002298fd908ec method=java.util.regex.Matcher.search(I)Z @ 121 c2
Event: 2.193 Thread 0x00000229fbc4e800 Uncommon trap: reason=class_check action=maybe_recompile pc=0x000002298fd908ec method=java.util.regex.Matcher.search(I)Z @ 121 c2
Event: 2.193 Thread 0x00000229fbc4e800 Uncommon trap: reason=class_check action=maybe_recompile pc=0x000002298fd908ec method=java.util.regex.Matcher.search(I)Z @ 121 c2
Event: 2.223 Thread 0x00000229fbc4e800 Uncommon trap: reason=unstable_if action=reinterpret pc=0x000002298fd304fc method=java.lang.String.isLatin1()Z @ 10 c2
Event: 3.010 Thread 0x00000229fbc4e800 Uncommon trap: reason=bimorphic_or_optimized_type_check action=maybe_recompile pc=0x000002298fd7eb58 method=java.util.HashMap.putVal(ILjava/lang/Object;Ljava/lang/Object;ZZ)Ljava/lang/Object; @ 203 c2

Classes redefined (3 events):
Event: 720.211 Thread 0x00000229a634b000 redefined class name=TestGeozonesSort, count=1
Event: 741.593 Thread 0x00000229a634b000 redefined class name=TestGeozonesSort, count=2
Event: 35360.830 Thread 0x00000229a634b000 redefined class name=TestGeozonesSort, count=3

Internal exceptions (10 events):
Event: 175.027 Thread 0x00000229fbc4e800 Exception <a 'java/net/SocketTimeoutException'{0x00000006973223c8}: Read timed out> (0x00000006973223c8) thrown at [t:/workspace/open/src/hotspot/share/prims/jni.cpp, line 636]
Event: 175.076 Thread 0x00000229fbc4e800 Exception <a 'java/net/SocketTimeoutException'{0x000000069733d610}: Read timed out> (0x000000069733d610) thrown at [t:/workspace/open/src/hotspot/share/prims/jni.cpp, line 636]
Event: 175.579 Thread 0x00000229fbc4e800 Exception <a 'java/net/SocketTimeoutException'{0x0000000697350680}: Read timed out> (0x0000000697350680) thrown at [t:/workspace/open/src/hotspot/share/prims/jni.cpp, line 636]
Event: 175.611 Thread 0x00000229fbc4e800 Exception <a 'java/net/SocketTimeoutException'{0x0000000697366480}: Read timed out> (0x0000000697366480) thrown at [t:/workspace/open/src/hotspot/share/prims/jni.cpp, line 636]
Event: 175.930 Thread 0x00000229fbc4e800 Exception <a 'java/net/SocketTimeoutException'{0x00000006973793b0}: Read timed out> (0x00000006973793b0) thrown at [t:/workspace/open/src/hotspot/share/prims/jni.cpp, line 636]
Event: 175.964 Thread 0x00000229fbc4e800 Exception <a 'java/net/SocketTimeoutException'{0x0000000697390240}: Read timed out> (0x0000000697390240) thrown at [t:/workspace/open/src/hotspot/share/prims/jni.cpp, line 636]
Event: 177.473 Thread 0x00000229fbc4e800 Exception <a 'java/net/SocketTimeoutException'{0x00000006973a39a0}: Read timed out> (0x00000006973a39a0) thrown at [t:/workspace/open/src/hotspot/share/prims/jni.cpp, line 636]
Event: 212.709 Thread 0x00000229fbc4e800 Exception <a 'java/net/SocketTimeoutException'{0x00000006973fa1d8}: Read timed out> (0x00000006973fa1d8) thrown at [t:/workspace/open/src/hotspot/share/prims/jni.cpp, line 636]
Event: 215.009 Thread 0x00000229fbc4e800 Exception <a 'java/net/SocketTimeoutException'{0x00000006972125e0}: Read timed out> (0x00000006972125e0) thrown at [t:/workspace/open/src/hotspot/share/prims/jni.cpp, line 636]
Event: 215.042 Thread 0x00000229fbc4e800 Exception <a 'java/net/SocketTimeoutException'{0x00000006972293e8}: Read timed out> (0x00000006972293e8) thrown at [t:/workspace/open/src/hotspot/share/prims/jni.cpp, line 636]

Events (10 events):
Event: 35360.841 Executing VM operation: GetStackTrace done
Event: 35360.842 Executing VM operation: GetFrameLocation
Event: 35360.842 Executing VM operation: GetFrameLocation done
Event: 35360.842 Executing VM operation: GetOrSetLocal
Event: 35360.842 Executing VM operation: GetOrSetLocal done
Event: 35360.846 Executing VM operation: ChangeBreakpoints
Event: 35360.846 Executing VM operation: ChangeBreakpoints done
Event: 35360.847 Executing VM operation: ChangeBreakpoints
Event: 35360.848 Executing VM operation: ChangeBreakpoints done
Event: 35360.849 Executing VM operation: ChangeBreakpoints


Dynamic libraries:
0x00007ff6d6d10000 - 0x00007ff6d6d57000 	C:\Program Files\Java\jdk-11.0.2\bin\java.exe
0x00007ffa2cb10000 - 0x00007ffa2ccf1000 	C:\Windows\SYSTEM32\ntdll.dll
0x00007ffa2b620000 - 0x00007ffa2b6d2000 	C:\Windows\System32\KERNEL32.DLL
0x00007ffa29590000 - 0x00007ffa29803000 	C:\Windows\System32\KERNELBASE.dll
0x0000000051aa0000 - 0x0000000051b35000 	C:\Windows\System32\SYSFER.DLL
0x00007ffa2c970000 - 0x00007ffa2ca11000 	C:\Windows\System32\ADVAPI32.dll
0x00007ffa2bda0000 - 0x00007ffa2be3e000 	C:\Windows\System32\msvcrt.dll
0x00007ffa2ca80000 - 0x00007ffa2cadb000 	C:\Windows\System32\sechost.dll
0x00007ffa2c270000 - 0x00007ffa2c394000 	C:\Windows\System32\RPCRT4.dll
0x00007ffa2a000000 - 0x00007ffa2a190000 	C:\Windows\System32\USER32.dll
0x00007ffa28f30000 - 0x00007ffa28f50000 	C:\Windows\System32\win32u.dll
0x00007ffa2b5e0000 - 0x00007ffa2b608000 	C:\Windows\System32\GDI32.dll
0x00007ffa293f0000 - 0x00007ffa29582000 	C:\Windows\System32\gdi32full.dll
0x00007ffa29060000 - 0x00007ffa290ff000 	C:\Windows\System32\msvcp_win.dll
0x00007ffa292f0000 - 0x00007ffa293e8000 	C:\Windows\System32\ucrtbase.dll
0x00007ffa24de0000 - 0x00007ffa24dea000 	C:\Windows\SYSTEM32\VERSION.dll
0x00007ffa20530000 - 0x00007ffa20799000 	C:\Windows\WinSxS\amd64_microsoft.windows.common-controls_6595b64144ccf1df_6.0.17134.648_none_fb45a0e93062a6d2\COMCTL32.dll
0x00007ffa2bea0000 - 0x00007ffa2c1c2000 	C:\Windows\System32\combase.dll
0x00007ffa29f20000 - 0x00007ffa29f9a000 	C:\Windows\System32\bcryptPrimitives.dll
0x00007ffa2bcf0000 - 0x00007ffa2bd1d000 	C:\Windows\System32\IMM32.DLL
0x00007ffa190f0000 - 0x00007ffa19106000 	C:\Program Files\Java\jdk-11.0.2\bin\vcruntime140.dll
0x00007ff9f4db0000 - 0x00007ff9f4e5a000 	C:\Program Files\Java\jdk-11.0.2\bin\msvcp140.dll
0x00007ff9e4370000 - 0x00007ff9e4e97000 	C:\Program Files\Java\jdk-11.0.2\bin\server\jvm.dll
0x00007ffa2b610000 - 0x00007ffa2b618000 	C:\Windows\System32\PSAPI.DLL
0x00007ffa20390000 - 0x00007ffa20399000 	C:\Windows\SYSTEM32\WSOCK32.dll
0x00007ffa2bd30000 - 0x00007ffa2bd9c000 	C:\Windows\System32\WS2_32.dll
0x00007ffa25a70000 - 0x00007ffa25a93000 	C:\Windows\SYSTEM32\WINMM.dll
0x00007ffa25a40000 - 0x00007ffa25a6a000 	C:\Windows\SYSTEM32\WINMMBASE.dll
0x00007ffa28ee0000 - 0x00007ffa28f29000 	C:\Windows\System32\cfgmgr32.dll
0x00007ffa28e40000 - 0x00007ffa28e51000 	C:\Windows\System32\kernel.appcore.dll
0x00007ff9fce80000 - 0x00007ff9fce91000 	C:\Program Files\Java\jdk-11.0.2\bin\verify.dll
0x00007ffa19260000 - 0x00007ffa19429000 	C:\Windows\SYSTEM32\DBGHELP.DLL
0x00007ffa190b0000 - 0x00007ffa190d9000 	C:\Windows\SYSTEM32\dbgcore.DLL
0x00007ff9fb450000 - 0x00007ff9fb479000 	C:\Program Files\Java\jdk-11.0.2\bin\java.dll
0x00007ffa0ccb0000 - 0x00007ffa0cce7000 	C:\Program Files\Java\jdk-11.0.2\bin\jdwp.dll
0x00007ffa16b70000 - 0x00007ffa16b9f000 	C:\Program Files\Java\jdk-11.0.2\bin\instrument.dll
0x00007ff9fc3d0000 - 0x00007ff9fc3e6000 	C:\Program Files\Java\jdk-11.0.2\bin\zip.dll
0x00007ffa17380000 - 0x00007ffa1738a000 	C:\Program Files\Java\jdk-11.0.2\bin\jimage.dll
0x00007ffa2a190000 - 0x00007ffa2b5d0000 	C:\Windows\System32\SHELL32.dll
0x00007ffa2c3a0000 - 0x00007ffa2c449000 	C:\Windows\System32\shcore.dll
0x00007ffa29810000 - 0x00007ffa29f1d000 	C:\Windows\System32\windows.storage.dll
0x00007ffa2be40000 - 0x00007ffa2be91000 	C:\Windows\System32\shlwapi.dll
0x00007ffa28e70000 - 0x00007ffa28e8f000 	C:\Windows\System32\profapi.dll
0x00007ffa28e90000 - 0x00007ffa28edc000 	C:\Windows\System32\powrprof.dll
0x00007ffa28e60000 - 0x00007ffa28e6a000 	C:\Windows\System32\FLTLIB.DLL
0x00007ffa1a790000 - 0x00007ffa1a79a000 	C:\Program Files\Java\jdk-11.0.2\bin\dt_socket.dll
0x00007ffa286a0000 - 0x00007ffa28706000 	C:\Windows\system32\mswsock.dll
0x00007ff9fad40000 - 0x00007ff9fad59000 	C:\Program Files\Java\jdk-11.0.2\bin\net.dll
0x00007ffa234c0000 - 0x00007ffa2359d000 	C:\Windows\SYSTEM32\WINHTTP.dll
0x00007ffa1bd80000 - 0x00007ffa1bf48000 	C:\Windows\SYSTEM32\urlmon.dll
0x00007ffa1c180000 - 0x00007ffa1c425000 	C:\Windows\SYSTEM32\iertutil.dll
0x00007ffa28870000 - 0x00007ffa2887b000 	C:\Windows\SYSTEM32\CRYPTBASE.DLL
0x00007ff9fa690000 - 0x00007ff9fa6a3000 	C:\Program Files\Java\jdk-11.0.2\bin\nio.dll
0x00007ffa28470000 - 0x00007ffa2852e000 	C:\Windows\SYSTEM32\DNSAPI.dll
0x00007ffa2b5d0000 - 0x00007ffa2b5d8000 	C:\Windows\System32\NSI.dll
0x00007ffa28420000 - 0x00007ffa28458000 	C:\Windows\SYSTEM32\IPHLPAPI.DLL
0x00007ffa25580000 - 0x00007ffa2558a000 	C:\Windows\System32\rasadhlp.dll
0x00007ffa252c0000 - 0x00007ffa25332000 	C:\Windows\System32\fwpuclnt.dll
0x00007ffa28980000 - 0x00007ffa289a5000 	C:\Windows\SYSTEM32\bcrypt.dll
0x00007ffa175f0000 - 0x00007ffa175fd000 	C:\Program Files\Java\jdk-11.0.2\bin\sunmscapi.dll
0x00007ffa29100000 - 0x00007ffa292e2000 	C:\Windows\System32\CRYPT32.dll
0x00007ffa28e20000 - 0x00007ffa28e32000 	C:\Windows\System32\MSASN1.dll
0x00007ffa28950000 - 0x00007ffa28976000 	C:\Windows\SYSTEM32\ncrypt.dll
0x00007ffa28910000 - 0x00007ffa28946000 	C:\Windows\SYSTEM32\NTASN1.dll
0x00007ffa0cb50000 - 0x00007ffa0cb77000 	C:\Program Files\Java\jdk-11.0.2\bin\sunec.dll
0x00007ffa28850000 - 0x00007ffa28867000 	C:\Windows\SYSTEM32\CRYPTSP.dll
0x00007ffa28280000 - 0x00007ffa282b3000 	C:\Windows\system32\rsaenh.dll
0x00007ffa28d20000 - 0x00007ffa28d48000 	C:\Windows\SYSTEM32\USERENV.dll
0x00007ffa25250000 - 0x00007ffa25266000 	C:\Windows\SYSTEM32\dhcpcsvc6.DLL
0x00007ffa25230000 - 0x00007ffa2524a000 	C:\Windows\SYSTEM32\dhcpcsvc.DLL

dbghelp: loaded successfully - version: 4.0.5 - missing functions: none
symbol engine: initialized successfully - sym options: 0x614 - pdb path: .;C:\Program Files\Java\jdk-11.0.2\bin;C:\Windows\SYSTEM32;C:\Windows\WinSxS\amd64_microsoft.windows.common-controls_6595b64144ccf1df_6.0.17134.648_none_fb45a0e93062a6d2;C:\Program Files\Java\jdk-11.0.2\bin\server

VM Arguments:
jvm_args: -agentlib:jdwp=transport=dt_socket,address=127.0.0.1:49789,suspend=y,server=n -ea -Didea.test.cyclic.buffer.size=1048576 -javaagent:C:\Users\zailyaev\.IdeaIC2019.1\system\groovyHotSwap\gragent.jar -javaagent:C:\Users\zailyaev\.IdeaIC2019.1\system\captureAgent\debugger-agent.jar -Dfile.encoding=UTF-8 
java_command: com.intellij.rt.execution.junit.JUnitStarter -ideVersion5 -junit4 TestGeozonesSort,test
java_class_path (initial): D:\Program Files\JetBrains\IntelliJ IDEA Community Edition 2019.1\lib\idea_rt.jar;D:\Program Files\JetBrains\IntelliJ IDEA Community Edition 2019.1\plugins\junit\lib\junit-rt.jar;D:\Program Files\JetBrains\IntelliJ IDEA Community Edition 2019.1\plugins\junit\lib\junit5-rt.jar;D:\TestProjects\java-example\out\test\classes;C:\Users\zailyaev\.gradle\caches\modules-2\files-2.1\org.seleniumhq.selenium\selenium-java\3.141.59\e8e20b741299cb8ffedbd2925a3ab69d08b41063\selenium-java-3.141.59.jar;C:\Users\zailyaev\.gradle\caches\modules-2\files-2.1\org.seleniumhq.selenium\selenium-chrome-driver\3.141.59\67137314736c6a2f39a8aa59a562e9616ae5f77e\selenium-chrome-driver-3.141.59.jar;C:\Users\zailyaev\.gradle\caches\modules-2\files-2.1\org.seleniumhq.selenium\selenium-edge-driver\3.141.59\fc09c66f2d0b33b0816d770761ad1d599ef0df29\selenium-edge-driver-3.141.59.jar;C:\Users\zailyaev\.gradle\caches\modules-2\files-2.1\org.seleniumhq.selenium\selenium-firefox-driver\3.141.59\a99f2fe2a42747ed9809d4f62f51a9e1b336dde8\selenium-firefox-driver-3.141.59.jar;C:\Users\zailyaev\.gradle\caches\modules-2\files-2.1\org.seleniumhq.selenium\selenium-ie-driver\3.141.59\677b9b414a3a9bb2aeea89042a7b326edeb13a82\selenium-ie-driver-3.141.59.jar;C:\Users\zailyaev\.gradle\caches\modules-2\files-2.1\org.seleniumhq.selenium\selenium-opera-driver\3.141.59\6b11ed01182bfd8bb62ddeae34cf9eadd3cfc7ff\selenium-opera-driver-3.141.59.jar;C:\Users\zailyaev\.gradle\caches\modules-2\files-2.1\org.seleniumhq.selenium\selenium-safari-driver\3.141.59\a32b5b88f46ea4b0356079f0d2e2217543923046\selenium-safari-driver-3.141.59.jar;C:\Users\zailyaev\.gradle\caches\modules-2\files-2.1\org.seleniumhq.selenium\selenium-support\3.141.59\8735de5049acf0e761defc65ee5837d6541abaf5\selenium-support-3.141.59.jar;C:\Users\zailyaev\.gradle\caches\modules-2\files-2.1\org.seleniumhq.selenium\selenium-remote-driver\3.141.59\1c79ca890c312ff9916bd95df4f0c5182ec722d8\selenium-remote-driver-3.141.59.jar;C:\Users\zailyae
Launcher Type: SUN_STANDARD

[Global flags]
     intx CICompilerCount                          = 4                                         {product} {ergonomic}
     uint ConcGCThreads                            = 2                                         {product} {ergonomic}
     uint G1ConcRefinementThreads                  = 8                                         {product} {ergonomic}
   size_t G1HeapRegionSize                         = 1048576                                   {product} {ergonomic}
    uintx GCDrainStackTargetSize                   = 64                                        {product} {ergonomic}
   size_t InitialHeapSize                          = 402653184                                 {product} {ergonomic}
   size_t MarkStackSize                            = 4194304                                   {product} {ergonomic}
   size_t MaxHeapSize                              = 6421479424                                {product} {ergonomic}
   size_t MaxNewSize                               = 3852468224                                {product} {ergonomic}
   size_t MinHeapDeltaBytes                        = 1048576                                   {product} {ergonomic}
    uintx NonNMethodCodeHeapSize                   = 5835340                                {pd product} {ergonomic}
    uintx NonProfiledCodeHeapSize                  = 122911450                              {pd product} {ergonomic}
    uintx ProfiledCodeHeapSize                     = 122911450                              {pd product} {ergonomic}
    uintx ReservedCodeCacheSize                    = 251658240                              {pd product} {ergonomic}
     bool SegmentedCodeCache                       = true                                      {product} {ergonomic}
     bool UseCompressedClassPointers               = true                                 {lp64_product} {ergonomic}
     bool UseCompressedOops                        = true                                 {lp64_product} {ergonomic}
     bool UseG1GC                                  = true                                      {product} {ergonomic}
     bool UseLargePagesIndividualAllocation        = false                                  {pd product} {ergonomic}

Logging:
Log output configuration:
 #0: stdout all=warning uptime,level,tags
 #1: stderr all=off uptime,level,tags

Environment Variables:
PATH=C:\Windows\system32;C:\Windows;C:\Windows\System32\Wbem;C:\Windows\System32\WindowsPowerShell\v1.0\;C:\Windows\System32\OpenSSH\;D:\Program Files\Git\cmd;D:\Program Files (x86)\Microsoft SQL Server\Client SDK\ODBC\130\Tools\Binn\;D:\Program Files (x86)\Microsoft SQL Server\140\Tools\Binn\;D:\Program Files (x86)\Microsoft SQL Server\140\DTS\Binn\;D:\Program Files (x86)\Microsoft SQL Server\140\Tools\Binn\ManagementStudio\;C:\Users\zailyaev\AppData\Local\Microsoft\WindowsApps;D:\Tools;C:\Users\zailyaev\AppData\Local\GitHubDesktop\bin
USERNAME=zailyaev
OS=Windows_NT
PROCESSOR_IDENTIFIER=Intel64 Family 6 Model 58 Stepping 9, GenuineIntel



---------------  S Y S T E M  ---------------

OS: Windows 10 , 64 bit Build 17134 (10.0.17134.648)

CPU:total 8 (initial active 8) (4 cores per cpu, 2 threads per core) family 6 model 58 stepping 9, cmov, cx8, fxsr, mmx, sse, sse2, sse3, ssse3, sse4.1, sse4.2, popcnt, avx, aes, clmul, erms, ht, tsc, tscinvbit, tscinv

Memory: 4k page, system-wide physical 24493M (12221M free)
TotalPageFile size 30148M (AvailPageFile size 4377M)
current process WorkingSet (physical memory assigned to process): 42M, peak: 110M
current process commit charge ("private bytes"): 498M, peak: 503M

vm_info: Java HotSpot(TM) 64-Bit Server VM (11.0.2+9-LTS) for windows-amd64 JRE (11.0.2+9-LTS), built on Jan 18 2019 05:24:10 by "mach5one" with MS VC++ 15.5 (VS2017)

END.
